<?xml version="1.0" encoding="UTF-8"?>
<coverage generated="1753714763434" clover="3.2.0">
  <project timestamp="1753714763434" name="All files">
    <metrics statements="124" coveredstatements="99" conditionals="121" coveredconditionals="96" methods="38" coveredmethods="30" elements="283" coveredelements="225" complexity="0" loc="124" ncloc="124" packages="2" files="8" classes="8"/>
    <package name="src">
      <metrics statements="41" coveredstatements="23" conditionals="27" coveredconditionals="12" methods="10" coveredmethods="3"/>
      <file name="App.jsx" path="C:\Users\dasau\meet\src\App.jsx">
        <metrics statements="25" coveredstatements="19" conditionals="19" coveredconditionals="12" methods="4" coveredmethods="3"/>
        <line num="10" count="22" type="stmt"/>
        <line num="11" count="22" type="stmt"/>
        <line num="12" count="22" type="stmt"/>
        <line num="13" count="22" type="stmt"/>
        <line num="14" count="22" type="stmt"/>
        <line num="15" count="22" type="stmt"/>
        <line num="16" count="22" type="stmt"/>
        <line num="18" count="22" type="stmt"/>
        <line num="19" count="9" type="stmt"/>
        <line num="20" count="9" type="stmt"/>
        <line num="21" count="9" type="cond" truecount="1" falsecount="1"/>
        <line num="22" count="9" type="stmt"/>
        <line num="24" count="0" type="stmt"/>
        <line num="27" count="9" type="stmt"/>
        <line num="30" count="9" type="cond" truecount="3" falsecount="1"/>
        <line num="31" count="0" type="stmt"/>
        <line num="32" count="0" type="stmt"/>
        <line num="35" count="9" type="cond" truecount="1" falsecount="1"/>
        <line num="37" count="0" type="cond" truecount="0" falsecount="2"/>
        <line num="39" count="9" type="stmt"/>
        <line num="40" count="9" type="stmt"/>
        <line num="42" count="0" type="stmt"/>
        <line num="43" count="0" type="stmt"/>
        <line num="47" count="9" type="stmt"/>
        <line num="50" count="22" type="stmt"/>
      </file>
      <file name="api.js" path="C:\Users\dasau\meet\src\api.js">
        <metrics statements="15" coveredstatements="3" conditionals="8" coveredconditionals="0" methods="6" coveredmethods="0"/>
        <line num="8" count="3" type="stmt"/>
        <line num="9" count="0" type="cond" truecount="0" falsecount="4"/>
        <line num="10" count="0" type="stmt"/>
        <line num="13" count="0" type="stmt"/>
        <line num="14" count="0" type="cond" truecount="0" falsecount="2"/>
        <line num="15" count="0" type="stmt"/>
        <line num="16" count="0" type="cond" truecount="0" falsecount="2"/>
        <line num="18" count="0" type="stmt"/>
        <line num="19" count="0" type="stmt"/>
        <line num="26" count="3" type="stmt"/>
        <line num="27" count="0" type="stmt"/>
        <line num="28" count="0" type="stmt"/>
        <line num="34" count="3" type="stmt"/>
        <line num="35" count="0" type="stmt"/>
        <line num="36" count="0" type="stmt"/>
      </file>
      <file name="mock-data.js" path="C:\Users\dasau\meet\src\mock-data.js">
        <metrics statements="1" coveredstatements="1" conditionals="0" coveredconditionals="0" methods="0" coveredmethods="0"/>
        <line num="1" count="8" type="stmt"/>
      </file>
    </package>
    <package name="src.components">
      <metrics statements="83" coveredstatements="76" conditionals="94" coveredconditionals="84" methods="28" coveredmethods="27"/>
      <file name="CitySearch.jsx" path="C:\Users\dasau\meet\src\components\CitySearch.jsx">
        <metrics statements="28" coveredstatements="26" conditionals="28" coveredconditionals="24" methods="7" coveredmethods="7"/>
        <line num="3" count="3" type="stmt"/>
        <line num="4" count="58" type="stmt"/>
        <line num="5" count="58" type="stmt"/>
        <line num="6" count="58" type="stmt"/>
        <line num="8" count="58" type="stmt"/>
        <line num="9" count="17" type="cond" truecount="3" falsecount="1"/>
        <line num="10" count="17" type="stmt"/>
        <line num="12" count="0" type="stmt"/>
        <line num="16" count="58" type="stmt"/>
        <line num="17" count="12" type="stmt"/>
        <line num="18" count="12" type="cond" truecount="3" falsecount="1"/>
        <line num="20" count="36" type="cond" truecount="3" falsecount="0"/>
        <line num="24" count="12" type="stmt"/>
        <line num="25" count="12" type="stmt"/>
        <line num="28" count="12" type="cond" truecount="1" falsecount="1"/>
        <line num="29" count="0" type="stmt"/>
        <line num="31" count="12" type="stmt"/>
        <line num="33" count="12" type="cond" truecount="2" falsecount="0"/>
        <line num="36" count="58" type="stmt"/>
        <line num="37" count="1" type="stmt"/>
        <line num="38" count="1" type="stmt"/>
        <line num="39" count="1" type="stmt"/>
        <line num="40" count="1" type="cond" truecount="2" falsecount="0"/>
        <line num="41" count="1" type="cond" truecount="2" falsecount="0"/>
        <line num="44" count="58" type="stmt"/>
        <line num="51" count="5" type="stmt"/>
        <line num="58" count="27" type="cond" truecount="3" falsecount="1"/>
        <line num="59" count="27" type="stmt"/>
      </file>
      <file name="Event.jsx" path="C:\Users\dasau\meet\src\components\Event.jsx">
        <metrics statements="6" coveredstatements="5" conditionals="16" coveredconditionals="14" methods="2" coveredmethods="2"/>
        <line num="3" count="4" type="stmt"/>
        <line num="4" count="155" type="stmt"/>
        <line num="7" count="155" type="cond" truecount="1" falsecount="1"/>
        <line num="8" count="0" type="stmt"/>
        <line num="11" count="155" type="stmt"/>
        <line num="19" count="3" type="stmt"/>
      </file>
      <file name="EventChart.jsx" path="C:\Users\dasau\meet\src\components\EventChart.jsx">
        <metrics statements="32" coveredstatements="29" conditionals="35" coveredconditionals="33" methods="14" coveredmethods="13"/>
        <line num="4" count="4" type="stmt"/>
        <line num="5" count="28" type="stmt"/>
        <line num="6" count="28" type="stmt"/>
        <line num="8" count="28" type="stmt"/>
        <line num="9" count="13" type="stmt"/>
        <line num="11" count="12" type="cond" truecount="4" falsecount="1"/>
        <line num="12" count="0" type="stmt"/>
        <line num="16" count="12" type="stmt"/>
        <line num="17" count="110" type="cond" truecount="3" falsecount="0"/>
        <line num="18" count="110" type="stmt"/>
        <line num="20" count="12" type="stmt"/>
        <line num="21" count="30" type="stmt"/>
        <line num="22" count="194" type="cond" truecount="2" falsecount="0"/>
        <line num="24" count="30" type="stmt"/>
        <line num="25" count="30" type="stmt"/>
        <line num="26" count="30" type="stmt"/>
        <line num="29" count="13" type="stmt"/>
        <line num="31" count="12" type="cond" truecount="4" falsecount="1"/>
        <line num="32" count="0" type="stmt"/>
        <line num="35" count="12" type="stmt"/>
        <line num="36" count="12" type="stmt"/>
        <line num="37" count="60" type="stmt"/>
        <line num="38" count="550" type="cond" truecount="4" falsecount="0"/>
        <line num="40" count="60" type="stmt"/>
        <line num="41" count="60" type="stmt"/>
        <line num="44" count="13" type="cond" truecount="4" falsecount="0"/>
        <line num="45" count="12" type="stmt"/>
        <line num="46" count="12" type="stmt"/>
        <line num="50" count="28" type="stmt"/>
        <line num="52" count="28" type="stmt"/>
        <line num="117" count="0" type="stmt"/>
        <line num="123" count="12" type="stmt"/>
      </file>
      <file name="EventList.jsx" path="C:\Users\dasau\meet\src\components\EventList.jsx">
        <metrics statements="6" coveredstatements="5" conditionals="6" coveredconditionals="5" methods="3" coveredmethods="3"/>
        <line num="4" count="3" type="stmt"/>
        <line num="6" count="22" type="cond" truecount="3" falsecount="1"/>
        <line num="7" count="0" type="stmt"/>
        <line num="10" count="22" type="stmt"/>
        <line num="12" count="143" type="cond" truecount="2" falsecount="0"/>
        <line num="13" count="143" type="stmt"/>
      </file>
      <file name="NumberOfEvents.jsx" path="C:\Users\dasau\meet\src\components\NumberOfEvents.jsx">
        <metrics statements="11" coveredstatements="11" conditionals="9" coveredconditionals="8" methods="2" coveredmethods="2"/>
        <line num="3" count="4" type="cond" truecount="0" falsecount="1"/>
        <line num="4" count="30" type="stmt"/>
        <line num="6" count="30" type="stmt"/>
        <line num="7" count="10" type="stmt"/>
        <line num="8" count="10" type="stmt"/>
        <line num="11" count="10" type="cond" truecount="4" falsecount="0"/>
        <line num="12" count="3" type="stmt"/>
        <line num="14" count="7" type="stmt"/>
        <line num="15" count="7" type="cond" truecount="2" falsecount="0"/>
        <line num="17" count="10" type="cond" truecount="2" falsecount="0"/>
        <line num="20" count="30" type="stmt"/>
      </file>
    </package>
  </project>
</coverage>
