{"C:\\Users\\dasau\\meet\\src\\App.jsx": {"path":"C:\\Users\\dasau\\meet\\src\\App.jsx","statementMap":{"0":{"start":{"line":10,"column":42},"end":{"line":10,"column":54}},"1":{"start":{"line":11,"column":38},"end":{"line":11,"column":50}},"2":{"start":{"line":12,"column":30},"end":{"line":12,"column":42}},"3":{"start":{"line":13,"column":40},"end":{"line":13,"column":66}},"4":{"start":{"line":14,"column":36},"end":{"line":14,"column":48}},"5":{"start":{"line":15,"column":38},"end":{"line":15,"column":50}},"6":{"start":{"line":16,"column":42},"end":{"line":16,"column":54}},"7":{"start":{"line":18,"column":2},"end":{"line":34,"column":32}},"8":{"start":{"line":19,"column":22},"end":{"line":26,"column":5}},"9":{"start":{"line":20,"column":24},"end":{"line":20,"column":41}},"10":{"start":{"line":21,"column":29},"end":{"line":23,"column":65}},"11":{"start":{"line":23,"column":34},"end":{"line":23,"column":64}},"12":{"start":{"line":24,"column":6},"end":{"line":24,"column":53}},"13":{"start":{"line":25,"column":6},"end":{"line":25,"column":51}},"14":{"start":{"line":28,"column":4},"end":{"line":32,"column":5}},"15":{"start":{"line":29,"column":6},"end":{"line":29,"column":26}},"16":{"start":{"line":31,"column":6},"end":{"line":31,"column":82}},"17":{"start":{"line":33,"column":4},"end":{"line":33,"column":16}},"18":{"start":{"line":36,"column":2},"end":{"line":69,"column":4}}},"fnMap":{"0":{"name":"App","decl":{"start":{"line":9,"column":9},"end":{"line":9,"column":12}},"loc":{"start":{"line":9,"column":15},"end":{"line":70,"column":1}},"line":9},"1":{"name":"(anonymous_1)","decl":{"start":{"line":18,"column":12},"end":{"line":18,"column":13}},"loc":{"start":{"line":18,"column":18},"end":{"line":34,"column":3}},"line":18},"2":{"name":"(anonymous_2)","decl":{"start":{"line":19,"column":22},"end":{"line":19,"column":23}},"loc":{"start":{"line":19,"column":34},"end":{"line":26,"column":5}},"line":19},"3":{"name":"(anonymous_3)","decl":{"start":{"line":23,"column":25},"end":{"line":23,"column":26}},"loc":{"start":{"line":23,"column":34},"end":{"line":23,"column":64}},"line":23}},"branchMap":{"0":{"loc":{"start":{"line":21,"column":29},"end":{"line":23,"column":65}},"type":"cond-expr","locations":[{"start":{"line":22,"column":8},"end":{"line":22,"column":17}},{"start":{"line":23,"column":8},"end":{"line":23,"column":65}}],"line":21},"1":{"loc":{"start":{"line":28,"column":4},"end":{"line":32,"column":5}},"type":"if","locations":[{"start":{"line":28,"column":4},"end":{"line":32,"column":5}},{"start":{"line":30,"column":11},"end":{"line":32,"column":5}}],"line":28},"2":{"loc":{"start":{"line":39,"column":9},"end":{"line":39,"column":86}},"type":"cond-expr","locations":[{"start":{"line":39,"column":28},"end":{"line":39,"column":79}},{"start":{"line":39,"column":82},"end":{"line":39,"column":86}}],"line":39},"3":{"loc":{"start":{"line":40,"column":9},"end":{"line":40,"column":89}},"type":"cond-expr","locations":[{"start":{"line":40,"column":29},"end":{"line":40,"column":82}},{"start":{"line":40,"column":85},"end":{"line":40,"column":89}}],"line":40},"4":{"loc":{"start":{"line":41,"column":9},"end":{"line":41,"column":95}},"type":"cond-expr","locations":[{"start":{"line":41,"column":31},"end":{"line":41,"column":88}},{"start":{"line":41,"column":91},"end":{"line":41,"column":95}}],"line":41}},"s":{"0":15,"1":15,"2":15,"3":15,"4":15,"5":15,"6":15,"7":15,"8":6,"9":6,"10":6,"11":0,"12":6,"13":6,"14":6,"15":6,"16":0,"17":6,"18":15},"f":{"0":15,"1":6,"2":6,"3":0},"b":{"0":[6,0],"1":[6,0],"2":[0,15],"3":[3,12],"4":[0,15]},"_coverageSchema":"1a1c01bbd47fc00a2c39e90264f33305004495a9","hash":"d38d22647f83baed7d17406f0f73e3953231ebc2"}
,"C:\\Users\\dasau\\meet\\src\\api.js": {"path":"C:\\Users\\dasau\\meet\\src\\api.js","statementMap":{"0":{"start":{"line":8,"column":32},"end":{"line":12,"column":1}},"1":{"start":{"line":9,"column":29},"end":{"line":9,"column":66}},"2":{"start":{"line":9,"column":51},"end":{"line":9,"column":65}},"3":{"start":{"line":10,"column":20},"end":{"line":10,"column":52}},"4":{"start":{"line":11,"column":2},"end":{"line":11,"column":19}},"5":{"start":{"line":17,"column":25},"end":{"line":41,"column":1}},"6":{"start":{"line":18,"column":2},"end":{"line":20,"column":3}},"7":{"start":{"line":19,"column":4},"end":{"line":19,"column":20}},"8":{"start":{"line":22,"column":2},"end":{"line":25,"column":3}},"9":{"start":{"line":23,"column":19},"end":{"line":23,"column":53}},"10":{"start":{"line":24,"column":4},"end":{"line":24,"column":40}},"11":{"start":{"line":27,"column":16},"end":{"line":27,"column":38}},"12":{"start":{"line":29,"column":2},"end":{"line":38,"column":3}},"13":{"start":{"line":30,"column":4},"end":{"line":30,"column":18}},"14":{"start":{"line":31,"column":16},"end":{"line":31,"column":73}},"15":{"start":{"line":32,"column":19},"end":{"line":32,"column":35}},"16":{"start":{"line":33,"column":23},"end":{"line":33,"column":42}},"17":{"start":{"line":34,"column":4},"end":{"line":37,"column":5}},"18":{"start":{"line":35,"column":6},"end":{"line":35,"column":65}},"19":{"start":{"line":36,"column":6},"end":{"line":36,"column":20}},"20":{"start":{"line":40,"column":2},"end":{"line":40,"column":18}},"21":{"start":{"line":47,"column":30},"end":{"line":63,"column":1}},"22":{"start":{"line":48,"column":22},"end":{"line":48,"column":58}},"23":{"start":{"line":49,"column":21},"end":{"line":49,"column":67}},"24":{"start":{"line":51,"column":2},"end":{"line":61,"column":3}},"25":{"start":{"line":52,"column":4},"end":{"line":52,"column":50}},"26":{"start":{"line":53,"column":25},"end":{"line":53,"column":68}},"27":{"start":{"line":54,"column":17},"end":{"line":54,"column":47}},"28":{"start":{"line":55,"column":4},"end":{"line":59,"column":5}},"29":{"start":{"line":56,"column":22},"end":{"line":56,"column":85}},"30":{"start":{"line":57,"column":26},"end":{"line":57,"column":46}},"31":{"start":{"line":58,"column":6},"end":{"line":58,"column":46}},"32":{"start":{"line":60,"column":4},"end":{"line":60,"column":34}},"33":{"start":{"line":62,"column":2},"end":{"line":62,"column":21}},"34":{"start":{"line":69,"column":19},"end":{"line":77,"column":1}},"35":{"start":{"line":70,"column":17},"end":{"line":74,"column":33}},"36":{"start":{"line":73,"column":17},"end":{"line":73,"column":27}},"37":{"start":{"line":74,"column":20},"end":{"line":74,"column":32}},"38":{"start":{"line":76,"column":2},"end":{"line":76,"column":16}},"39":{"start":{"line":83,"column":17},"end":{"line":94,"column":1}},"40":{"start":{"line":84,"column":21},"end":{"line":84,"column":45}},"41":{"start":{"line":85,"column":27},"end":{"line":89,"column":28}},"42":{"start":{"line":87,"column":6},"end":{"line":87,"column":24}},"43":{"start":{"line":89,"column":22},"end":{"line":89,"column":27}},"44":{"start":{"line":91,"column":2},"end":{"line":91,"column":69}},"45":{"start":{"line":93,"column":2},"end":{"line":93,"column":22}},"46":{"start":{"line":100,"column":20},"end":{"line":112,"column":1}},"47":{"start":{"line":101,"column":2},"end":{"line":111,"column":3}},"48":{"start":{"line":103,"column":6},"end":{"line":106,"column":30}},"49":{"start":{"line":107,"column":4},"end":{"line":107,"column":45}},"50":{"start":{"line":109,"column":4},"end":{"line":109,"column":68}},"51":{"start":{"line":110,"column":4},"end":{"line":110,"column":45}}},"fnMap":{"0":{"name":"(anonymous_0)","decl":{"start":{"line":8,"column":32},"end":{"line":8,"column":33}},"loc":{"start":{"line":8,"column":44},"end":{"line":12,"column":1}},"line":8},"1":{"name":"(anonymous_1)","decl":{"start":{"line":9,"column":40},"end":{"line":9,"column":41}},"loc":{"start":{"line":9,"column":51},"end":{"line":9,"column":65}},"line":9},"2":{"name":"(anonymous_2)","decl":{"start":{"line":17,"column":25},"end":{"line":17,"column":26}},"loc":{"start":{"line":17,"column":37},"end":{"line":41,"column":1}},"line":17},"3":{"name":"(anonymous_3)","decl":{"start":{"line":47,"column":30},"end":{"line":47,"column":31}},"loc":{"start":{"line":47,"column":42},"end":{"line":63,"column":1}},"line":47},"4":{"name":"(anonymous_4)","decl":{"start":{"line":69,"column":19},"end":{"line":69,"column":20}},"loc":{"start":{"line":69,"column":42},"end":{"line":77,"column":1}},"line":69},"5":{"name":"(anonymous_5)","decl":{"start":{"line":73,"column":8},"end":{"line":73,"column":9}},"loc":{"start":{"line":73,"column":17},"end":{"line":73,"column":27}},"line":73},"6":{"name":"(anonymous_6)","decl":{"start":{"line":74,"column":9},"end":{"line":74,"column":10}},"loc":{"start":{"line":74,"column":20},"end":{"line":74,"column":32}},"line":74},"7":{"name":"(anonymous_7)","decl":{"start":{"line":83,"column":17},"end":{"line":83,"column":18}},"loc":{"start":{"line":83,"column":33},"end":{"line":94,"column":1}},"line":83},"8":{"name":"(anonymous_8)","decl":{"start":{"line":86,"column":10},"end":{"line":86,"column":11}},"loc":{"start":{"line":86,"column":19},"end":{"line":88,"column":5}},"line":86},"9":{"name":"(anonymous_9)","decl":{"start":{"line":89,"column":11},"end":{"line":89,"column":12}},"loc":{"start":{"line":89,"column":22},"end":{"line":89,"column":27}},"line":89},"10":{"name":"(anonymous_10)","decl":{"start":{"line":100,"column":20},"end":{"line":100,"column":21}},"loc":{"start":{"line":100,"column":26},"end":{"line":112,"column":1}},"line":100}},"branchMap":{"0":{"loc":{"start":{"line":18,"column":2},"end":{"line":20,"column":3}},"type":"if","locations":[{"start":{"line":18,"column":2},"end":{"line":20,"column":3}},{"start":{},"end":{}}],"line":18},"1":{"loc":{"start":{"line":22,"column":2},"end":{"line":25,"column":3}},"type":"if","locations":[{"start":{"line":22,"column":2},"end":{"line":25,"column":3}},{"start":{},"end":{}}],"line":22},"2":{"loc":{"start":{"line":24,"column":11},"end":{"line":24,"column":39}},"type":"cond-expr","locations":[{"start":{"line":24,"column":18},"end":{"line":24,"column":36}},{"start":{"line":24,"column":37},"end":{"line":24,"column":39}}],"line":24},"3":{"loc":{"start":{"line":29,"column":2},"end":{"line":38,"column":3}},"type":"if","locations":[{"start":{"line":29,"column":2},"end":{"line":38,"column":3}},{"start":{},"end":{}}],"line":29},"4":{"loc":{"start":{"line":34,"column":4},"end":{"line":37,"column":5}},"type":"if","locations":[{"start":{"line":34,"column":4},"end":{"line":37,"column":5}},{"start":{},"end":{}}],"line":34},"5":{"loc":{"start":{"line":49,"column":21},"end":{"line":49,"column":67}},"type":"binary-expr","locations":[{"start":{"line":49,"column":21},"end":{"line":49,"column":32}},{"start":{"line":49,"column":37},"end":{"line":49,"column":66}}],"line":49},"6":{"loc":{"start":{"line":51,"column":2},"end":{"line":61,"column":3}},"type":"if","locations":[{"start":{"line":51,"column":2},"end":{"line":61,"column":3}},{"start":{},"end":{}}],"line":51},"7":{"loc":{"start":{"line":51,"column":6},"end":{"line":51,"column":38}},"type":"binary-expr","locations":[{"start":{"line":51,"column":6},"end":{"line":51,"column":18}},{"start":{"line":51,"column":22},"end":{"line":51,"column":38}}],"line":51},"8":{"loc":{"start":{"line":55,"column":4},"end":{"line":59,"column":5}},"type":"if","locations":[{"start":{"line":55,"column":4},"end":{"line":59,"column":5}},{"start":{},"end":{}}],"line":55},"9":{"loc":{"start":{"line":60,"column":11},"end":{"line":60,"column":33}},"type":"binary-expr","locations":[{"start":{"line":60,"column":11},"end":{"line":60,"column":15}},{"start":{"line":60,"column":19},"end":{"line":60,"column":33}}],"line":60},"10":{"loc":{"start":{"line":91,"column":2},"end":{"line":91,"column":68}},"type":"binary-expr","locations":[{"start":{"line":91,"column":2},"end":{"line":91,"column":14}},{"start":{"line":91,"column":18},"end":{"line":91,"column":68}}],"line":91},"11":{"loc":{"start":{"line":101,"column":2},"end":{"line":111,"column":3}},"type":"if","locations":[{"start":{"line":101,"column":2},"end":{"line":111,"column":3}},{"start":{"line":108,"column":9},"end":{"line":111,"column":3}}],"line":101},"12":{"loc":{"start":{"line":101,"column":6},"end":{"line":101,"column":58}},"type":"binary-expr","locations":[{"start":{"line":101,"column":6},"end":{"line":101,"column":30}},{"start":{"line":101,"column":34},"end":{"line":101,"column":58}}],"line":101}},"s":{"0":0,"1":0,"2":0,"3":0,"4":0,"5":0,"6":0,"7":0,"8":0,"9":0,"10":0,"11":0,"12":0,"13":0,"14":0,"15":0,"16":0,"17":0,"18":0,"19":0,"20":0,"21":0,"22":0,"23":0,"24":0,"25":0,"26":0,"27":0,"28":0,"29":0,"30":0,"31":0,"32":0,"33":0,"34":0,"35":0,"36":0,"37":0,"38":0,"39":0,"40":0,"41":0,"42":0,"43":0,"44":0,"45":0,"46":0,"47":0,"48":0,"49":0,"50":0,"51":0},"f":{"0":0,"1":0,"2":0,"3":0,"4":0,"5":0,"6":0,"7":0,"8":0,"9":0,"10":0},"b":{"0":[0,0],"1":[0,0],"2":[0,0],"3":[0,0],"4":[0,0],"5":[0,0],"6":[0,0],"7":[0,0],"8":[0,0],"9":[0,0],"10":[0,0],"11":[0,0],"12":[0,0]}}
,"C:\\Users\\dasau\\meet\\src\\main.jsx": {"path":"C:\\Users\\dasau\\meet\\src\\main.jsx","statementMap":{"0":{"start":{"line":6,"column":0},"end":{"line":10,"column":1}}},"fnMap":{},"branchMap":{},"s":{"0":0},"f":{},"b":{}}
,"C:\\Users\\dasau\\meet\\src\\mock-data.js": {"path":"C:\\Users\\dasau\\meet\\src\\mock-data.js","statementMap":{"0":{"start":{"line":1,"column":17},"end":{"line":197,"column":1}}},"fnMap":{},"branchMap":{},"s":{"0":0},"f":{},"b":{}}
,"C:\\Users\\dasau\\meet\\src\\setupTests.js": {"path":"C:\\Users\\dasau\\meet\\src\\setupTests.js","statementMap":{},"fnMap":{},"branchMap":{},"s":{},"f":{},"b":{}}
,"C:\\Users\\dasau\\meet\\src\\components\\CitySearch.jsx": {"path":"C:\\Users\\dasau\\meet\\src\\components\\CitySearch.jsx","statementMap":{"0":{"start":{"line":3,"column":19},"end":{"line":65,"column":1}},"1":{"start":{"line":4,"column":48},"end":{"line":4,"column":63}},"2":{"start":{"line":5,"column":28},"end":{"line":5,"column":40}},"3":{"start":{"line":6,"column":40},"end":{"line":6,"column":52}},"4":{"start":{"line":8,"column":2},"end":{"line":10,"column":21}},"5":{"start":{"line":9,"column":4},"end":{"line":9,"column":33}},"6":{"start":{"line":12,"column":29},"end":{"line":28,"column":3}},"7":{"start":{"line":13,"column":18},"end":{"line":13,"column":36}},"8":{"start":{"line":14,"column":30},"end":{"line":16,"column":11}},"9":{"start":{"line":15,"column":6},"end":{"line":15,"column":70}},"10":{"start":{"line":18,"column":4},"end":{"line":18,"column":20}},"11":{"start":{"line":19,"column":4},"end":{"line":19,"column":38}},"12":{"start":{"line":22,"column":4},"end":{"line":26,"column":5}},"13":{"start":{"line":23,"column":6},"end":{"line":23,"column":88}},"14":{"start":{"line":25,"column":6},"end":{"line":25,"column":19}},"15":{"start":{"line":27,"column":4},"end":{"line":27,"column":27}},"16":{"start":{"line":30,"column":28},"end":{"line":36,"column":3}},"17":{"start":{"line":31,"column":18},"end":{"line":31,"column":42}},"18":{"start":{"line":32,"column":4},"end":{"line":32,"column":20}},"19":{"start":{"line":33,"column":4},"end":{"line":33,"column":30}},"20":{"start":{"line":34,"column":4},"end":{"line":34,"column":26}},"21":{"start":{"line":35,"column":4},"end":{"line":35,"column":20}},"22":{"start":{"line":38,"column":2},"end":{"line":64,"column":4}},"23":{"start":{"line":45,"column":23},"end":{"line":45,"column":47}},"24":{"start":{"line":52,"column":12},"end":{"line":56,"column":14}}},"fnMap":{"0":{"name":"(anonymous_0)","decl":{"start":{"line":3,"column":19},"end":{"line":3,"column":20}},"loc":{"start":{"line":3,"column":71},"end":{"line":65,"column":1}},"line":3},"1":{"name":"(anonymous_1)","decl":{"start":{"line":8,"column":12},"end":{"line":8,"column":13}},"loc":{"start":{"line":8,"column":18},"end":{"line":10,"column":3}},"line":8},"2":{"name":"(anonymous_2)","decl":{"start":{"line":12,"column":29},"end":{"line":12,"column":30}},"loc":{"start":{"line":12,"column":40},"end":{"line":28,"column":3}},"line":12},"3":{"name":"(anonymous_3)","decl":{"start":{"line":14,"column":65},"end":{"line":14,"column":66}},"loc":{"start":{"line":14,"column":79},"end":{"line":16,"column":5}},"line":14},"4":{"name":"(anonymous_4)","decl":{"start":{"line":30,"column":28},"end":{"line":30,"column":29}},"loc":{"start":{"line":30,"column":39},"end":{"line":36,"column":3}},"line":30},"5":{"name":"(anonymous_5)","decl":{"start":{"line":45,"column":17},"end":{"line":45,"column":18}},"loc":{"start":{"line":45,"column":23},"end":{"line":45,"column":47}},"line":45},"6":{"name":"(anonymous_6)","decl":{"start":{"line":51,"column":27},"end":{"line":51,"column":28}},"loc":{"start":{"line":51,"column":43},"end":{"line":57,"column":11}},"line":51}},"branchMap":{"0":{"loc":{"start":{"line":14,"column":30},"end":{"line":16,"column":11}},"type":"cond-expr","locations":[{"start":{"line":14,"column":45},"end":{"line":16,"column":6}},{"start":{"line":16,"column":9},"end":{"line":16,"column":11}}],"line":14},"1":{"loc":{"start":{"line":22,"column":4},"end":{"line":26,"column":5}},"type":"if","locations":[{"start":{"line":22,"column":4},"end":{"line":26,"column":5}},{"start":{"line":24,"column":11},"end":{"line":26,"column":5}}],"line":22},"2":{"loc":{"start":{"line":49,"column":7},"end":{"line":62,"column":14}},"type":"cond-expr","locations":[{"start":{"line":50,"column":8},"end":{"line":61,"column":13}},{"start":{"line":62,"column":10},"end":{"line":62,"column":14}}],"line":49}},"s":{"0":2,"1":43,"2":43,"3":43,"4":43,"5":12,"6":43,"7":12,"8":12,"9":36,"10":12,"11":12,"12":12,"13":0,"14":12,"15":12,"16":43,"17":1,"18":1,"19":1,"20":1,"21":1,"22":43,"23":3,"24":21},"f":{"0":43,"1":12,"2":12,"3":36,"4":1,"5":3,"6":21},"b":{"0":[12,0],"1":[0,12],"2":[15,28]},"_coverageSchema":"1a1c01bbd47fc00a2c39e90264f33305004495a9","hash":"5b6e421baa010c37d15054c84bd5a6c62f856e0e"}
,"C:\\Users\\dasau\\meet\\src\\components\\Event.jsx": {"path":"C:\\Users\\dasau\\meet\\src\\components\\Event.jsx","statementMap":{"0":{"start":{"line":3,"column":14},"end":{"line":28,"column":1}},"1":{"start":{"line":4,"column":40},"end":{"line":4,"column":55}},"2":{"start":{"line":6,"column":2},"end":{"line":27,"column":4}},"3":{"start":{"line":14,"column":10},"end":{"line":14,"column":69}}},"fnMap":{"0":{"name":"(anonymous_0)","decl":{"start":{"line":3,"column":14},"end":{"line":3,"column":15}},"loc":{"start":{"line":3,"column":29},"end":{"line":28,"column":1}},"line":3},"1":{"name":"(anonymous_1)","decl":{"start":{"line":13,"column":17},"end":{"line":13,"column":18}},"loc":{"start":{"line":13,"column":23},"end":{"line":15,"column":9}},"line":13}},"branchMap":{"0":{"loc":{"start":{"line":14,"column":10},"end":{"line":14,"column":68}},"type":"cond-expr","locations":[{"start":{"line":14,"column":24},"end":{"line":14,"column":45}},{"start":{"line":14,"column":48},"end":{"line":14,"column":68}}],"line":14},"1":{"loc":{"start":{"line":17,"column":9},"end":{"line":17,"column":54}},"type":"cond-expr","locations":[{"start":{"line":17,"column":23},"end":{"line":17,"column":37}},{"start":{"line":17,"column":40},"end":{"line":17,"column":54}}],"line":17},"2":{"loc":{"start":{"line":19,"column":7},"end":{"line":25,"column":7}},"type":"binary-expr","locations":[{"start":{"line":19,"column":7},"end":{"line":19,"column":18}},{"start":{"line":20,"column":8},"end":{"line":24,"column":14}}],"line":19}},"s":{"0":2,"1":121,"2":121,"3":3},"f":{"0":121,"1":3},"b":{"0":[1,2],"1":[2,119],"2":[121,2]},"_coverageSchema":"1a1c01bbd47fc00a2c39e90264f33305004495a9","hash":"80e75407bb4c3ae8f1da913f7956fd8fba91e224"}
,"C:\\Users\\dasau\\meet\\src\\components\\EventChart.jsx": {"path":"C:\\Users\\dasau\\meet\\src\\components\\EventChart.jsx","statementMap":{"0":{"start":{"line":17,"column":19},"end":{"line":128,"column":1}},"1":{"start":{"line":18,"column":26},"end":{"line":18,"column":38}},"2":{"start":{"line":19,"column":32},"end":{"line":19,"column":44}},"3":{"start":{"line":21,"column":2},"end":{"line":44,"column":15}},"4":{"start":{"line":22,"column":20},"end":{"line":31,"column":5}},"5":{"start":{"line":24,"column":24},"end":{"line":24,"column":75}},"6":{"start":{"line":24,"column":58},"end":{"line":24,"column":72}},"7":{"start":{"line":25,"column":19},"end":{"line":29,"column":42}},"8":{"start":{"line":26,"column":22},"end":{"line":26,"column":82}},"9":{"start":{"line":26,"column":47},"end":{"line":26,"column":74}},"10":{"start":{"line":27,"column":21},"end":{"line":27,"column":49}},"11":{"start":{"line":28,"column":8},"end":{"line":28,"column":31}},"12":{"start":{"line":29,"column":24},"end":{"line":29,"column":41}},"13":{"start":{"line":30,"column":6},"end":{"line":30,"column":18}},"14":{"start":{"line":33,"column":23},"end":{"line":40,"column":5}},"15":{"start":{"line":34,"column":21},"end":{"line":34,"column":76}},"16":{"start":{"line":35,"column":19},"end":{"line":38,"column":39}},"17":{"start":{"line":36,"column":22},"end":{"line":36,"column":84}},"18":{"start":{"line":36,"column":47},"end":{"line":36,"column":76}},"19":{"start":{"line":37,"column":8},"end":{"line":37,"column":45}},"20":{"start":{"line":38,"column":24},"end":{"line":38,"column":38}},"21":{"start":{"line":39,"column":6},"end":{"line":39,"column":18}},"22":{"start":{"line":42,"column":4},"end":{"line":42,"column":23}},"23":{"start":{"line":43,"column":4},"end":{"line":43,"column":29}},"24":{"start":{"line":46,"column":17},"end":{"line":46,"column":72}},"25":{"start":{"line":48,"column":2},"end":{"line":127,"column":4}},"26":{"start":{"line":75,"column":36},"end":{"line":75,"column":63}},"27":{"start":{"line":76,"column":41},"end":{"line":76,"column":57}},"28":{"start":{"line":113,"column":44},"end":{"line":113,"column":84}},"29":{"start":{"line":119,"column":16},"end":{"line":119,"column":83}}},"fnMap":{"0":{"name":"(anonymous_0)","decl":{"start":{"line":17,"column":19},"end":{"line":17,"column":20}},"loc":{"start":{"line":17,"column":35},"end":{"line":128,"column":1}},"line":17},"1":{"name":"(anonymous_1)","decl":{"start":{"line":21,"column":12},"end":{"line":21,"column":13}},"loc":{"start":{"line":21,"column":18},"end":{"line":44,"column":3}},"line":21},"2":{"name":"(anonymous_2)","decl":{"start":{"line":22,"column":20},"end":{"line":22,"column":21}},"loc":{"start":{"line":22,"column":26},"end":{"line":31,"column":5}},"line":22},"3":{"name":"(anonymous_3)","decl":{"start":{"line":24,"column":47},"end":{"line":24,"column":48}},"loc":{"start":{"line":24,"column":58},"end":{"line":24,"column":72}},"line":24},"4":{"name":"(anonymous_4)","decl":{"start":{"line":25,"column":33},"end":{"line":25,"column":34}},"loc":{"start":{"line":25,"column":47},"end":{"line":29,"column":7}},"line":25},"5":{"name":"(anonymous_5)","decl":{"start":{"line":26,"column":36},"end":{"line":26,"column":37}},"loc":{"start":{"line":26,"column":47},"end":{"line":26,"column":74}},"line":26},"6":{"name":"(anonymous_6)","decl":{"start":{"line":29,"column":14},"end":{"line":29,"column":15}},"loc":{"start":{"line":29,"column":24},"end":{"line":29,"column":41}},"line":29},"7":{"name":"(anonymous_7)","decl":{"start":{"line":33,"column":23},"end":{"line":33,"column":24}},"loc":{"start":{"line":33,"column":29},"end":{"line":40,"column":5}},"line":33},"8":{"name":"(anonymous_8)","decl":{"start":{"line":35,"column":30},"end":{"line":35,"column":31}},"loc":{"start":{"line":35,"column":41},"end":{"line":38,"column":7}},"line":35},"9":{"name":"(anonymous_9)","decl":{"start":{"line":36,"column":36},"end":{"line":36,"column":37}},"loc":{"start":{"line":36,"column":47},"end":{"line":36,"column":76}},"line":36},"10":{"name":"(anonymous_10)","decl":{"start":{"line":38,"column":16},"end":{"line":38,"column":17}},"loc":{"start":{"line":38,"column":24},"end":{"line":38,"column":38}},"line":38},"11":{"name":"(anonymous_11)","decl":{"start":{"line":75,"column":25},"end":{"line":75,"column":26}},"loc":{"start":{"line":75,"column":36},"end":{"line":75,"column":63}},"line":75},"12":{"name":"(anonymous_12)","decl":{"start":{"line":76,"column":30},"end":{"line":76,"column":31}},"loc":{"start":{"line":76,"column":41},"end":{"line":76,"column":57}},"line":76},"13":{"name":"(anonymous_13)","decl":{"start":{"line":113,"column":21},"end":{"line":113,"column":22}},"loc":{"start":{"line":113,"column":44},"end":{"line":113,"column":84}},"line":113},"14":{"name":"(anonymous_14)","decl":{"start":{"line":118,"column":27},"end":{"line":118,"column":28}},"loc":{"start":{"line":119,"column":16},"end":{"line":119,"column":83}},"line":119}},"branchMap":{},"s":{"0":1,"1":8,"2":8,"3":8,"4":4,"5":4,"6":12,"7":4,"8":9,"9":36,"10":9,"11":9,"12":6,"13":4,"14":4,"15":4,"16":4,"17":20,"18":60,"19":20,"20":20,"21":4,"22":4,"23":4,"24":8,"25":8,"26":0,"27":0,"28":0,"29":12},"f":{"0":8,"1":4,"2":4,"3":12,"4":9,"5":36,"6":6,"7":4,"8":20,"9":60,"10":20,"11":0,"12":0,"13":0,"14":12},"b":{},"_coverageSchema":"1a1c01bbd47fc00a2c39e90264f33305004495a9","hash":"8193bb42e2029975737e98f100efa71e4fe15026"}
,"C:\\Users\\dasau\\meet\\src\\components\\EventList.jsx": {"path":"C:\\Users\\dasau\\meet\\src\\components\\EventList.jsx","statementMap":{"0":{"start":{"line":4,"column":18},"end":{"line":10,"column":1}},"1":{"start":{"line":5,"column":2},"end":{"line":9,"column":4}},"2":{"start":{"line":7,"column":36},"end":{"line":7,"column":74}}},"fnMap":{"0":{"name":"(anonymous_0)","decl":{"start":{"line":4,"column":18},"end":{"line":4,"column":19}},"loc":{"start":{"line":4,"column":34},"end":{"line":10,"column":1}},"line":4},"1":{"name":"(anonymous_1)","decl":{"start":{"line":7,"column":27},"end":{"line":7,"column":28}},"loc":{"start":{"line":7,"column":36},"end":{"line":7,"column":74}},"line":7}},"branchMap":{"0":{"loc":{"start":{"line":7,"column":7},"end":{"line":7,"column":82}},"type":"cond-expr","locations":[{"start":{"line":7,"column":16},"end":{"line":7,"column":75}},{"start":{"line":7,"column":78},"end":{"line":7,"column":82}}],"line":7}},"s":{"0":1,"1":12,"2":110},"f":{"0":12,"1":110},"b":{"0":[12,0]},"_coverageSchema":"1a1c01bbd47fc00a2c39e90264f33305004495a9","hash":"6a05c4905d2816ed8928c7e2888ca607b786fd9a"}
,"C:\\Users\\dasau\\meet\\src\\components\\NumberOfEvents.jsx": {"path":"C:\\Users\\dasau\\meet\\src\\components\\NumberOfEvents.jsx","statementMap":{"0":{"start":{"line":3,"column":23},"end":{"line":32,"column":1}},"1":{"start":{"line":4,"column":46},"end":{"line":4,"column":66}},"2":{"start":{"line":6,"column":29},"end":{"line":18,"column":3}},"3":{"start":{"line":7,"column":18},"end":{"line":7,"column":36}},"4":{"start":{"line":8,"column":4},"end":{"line":8,"column":29}},"5":{"start":{"line":11,"column":4},"end":{"line":16,"column":5}},"6":{"start":{"line":12,"column":6},"end":{"line":12,"column":53}},"7":{"start":{"line":14,"column":6},"end":{"line":14,"column":21}},"8":{"start":{"line":15,"column":6},"end":{"line":15,"column":27}},"9":{"start":{"line":17,"column":4},"end":{"line":17,"column":29}},"10":{"start":{"line":20,"column":2},"end":{"line":31,"column":4}}},"fnMap":{"0":{"name":"(anonymous_0)","decl":{"start":{"line":3,"column":23},"end":{"line":3,"column":24}},"loc":{"start":{"line":3,"column":73},"end":{"line":32,"column":1}},"line":3},"1":{"name":"(anonymous_1)","decl":{"start":{"line":6,"column":29},"end":{"line":6,"column":30}},"loc":{"start":{"line":6,"column":40},"end":{"line":18,"column":3}},"line":6}},"branchMap":{"0":{"loc":{"start":{"line":11,"column":4},"end":{"line":16,"column":5}},"type":"if","locations":[{"start":{"line":11,"column":4},"end":{"line":16,"column":5}},{"start":{"line":13,"column":11},"end":{"line":16,"column":5}}],"line":11},"1":{"loc":{"start":{"line":11,"column":8},"end":{"line":11,"column":34}},"type":"binary-expr","locations":[{"start":{"line":11,"column":8},"end":{"line":11,"column":20}},{"start":{"line":11,"column":24},"end":{"line":11,"column":34}}],"line":11}},"s":{"0":2,"1":18,"2":18,"3":6,"4":6,"5":6,"6":2,"7":4,"8":4,"9":6,"10":18},"f":{"0":18,"1":6},"b":{"0":[2,4],"1":[6,6]},"_coverageSchema":"1a1c01bbd47fc00a2c39e90264f33305004495a9","hash":"fd4ed6e7dd72e3882f511a28d7f3d577b577ff42"}
}
