{"C:\\Users\\dasau\\meet\\src\\App.jsx": {"path":"C:\\Users\\dasau\\meet\\src\\App.jsx","statementMap":{"0":{"start":{"line":10,"column":30},"end":{"line":10,"column":42}},"1":{"start":{"line":11,"column":38},"end":{"line":11,"column":50}},"2":{"start":{"line":12,"column":42},"end":{"line":12,"column":54}},"3":{"start":{"line":13,"column":40},"end":{"line":13,"column":66}},"4":{"start":{"line":14,"column":36},"end":{"line":14,"column":48}},"5":{"start":{"line":15,"column":38},"end":{"line":15,"column":50}},"6":{"start":{"line":16,"column":42},"end":{"line":16,"column":54}},"7":{"start":{"line":18,"column":2},"end":{"line":48,"column":32}},"8":{"start":{"line":19,"column":22},"end":{"line":45,"column":5}},"9":{"start":{"line":20,"column":6},"end":{"line":44,"column":7}},"10":{"start":{"line":21,"column":8},"end":{"line":25,"column":9}},"11":{"start":{"line":22,"column":10},"end":{"line":22,"column":30}},"12":{"start":{"line":24,"column":10},"end":{"line":24,"column":86}},"13":{"start":{"line":27,"column":26},"end":{"line":27,"column":43}},"14":{"start":{"line":30,"column":8},"end":{"line":33,"column":9}},"15":{"start":{"line":31,"column":10},"end":{"line":31,"column":74}},"16":{"start":{"line":32,"column":10},"end":{"line":32,"column":17}},"17":{"start":{"line":35,"column":31},"end":{"line":37,"column":76}},"18":{"start":{"line":37,"column":36},"end":{"line":37,"column":75}},"19":{"start":{"line":39,"column":8},"end":{"line":39,"column":55}},"20":{"start":{"line":40,"column":8},"end":{"line":40,"column":53}},"21":{"start":{"line":42,"column":8},"end":{"line":42,"column":55}},"22":{"start":{"line":43,"column":8},"end":{"line":43,"column":72}},"23":{"start":{"line":47,"column":4},"end":{"line":47,"column":16}},"24":{"start":{"line":50,"column":2},"end":{"line":82,"column":4}}},"fnMap":{"0":{"name":"App","decl":{"start":{"line":9,"column":9},"end":{"line":9,"column":12}},"loc":{"start":{"line":9,"column":15},"end":{"line":83,"column":1}},"line":9},"1":{"name":"(anonymous_1)","decl":{"start":{"line":18,"column":12},"end":{"line":18,"column":13}},"loc":{"start":{"line":18,"column":18},"end":{"line":48,"column":3}},"line":18},"2":{"name":"(anonymous_2)","decl":{"start":{"line":19,"column":22},"end":{"line":19,"column":23}},"loc":{"start":{"line":19,"column":34},"end":{"line":45,"column":5}},"line":19},"3":{"name":"(anonymous_3)","decl":{"start":{"line":37,"column":27},"end":{"line":37,"column":28}},"loc":{"start":{"line":37,"column":36},"end":{"line":37,"column":75}},"line":37}},"branchMap":{"0":{"loc":{"start":{"line":21,"column":8},"end":{"line":25,"column":9}},"type":"if","locations":[{"start":{"line":21,"column":8},"end":{"line":25,"column":9}},{"start":{"line":23,"column":15},"end":{"line":25,"column":9}}],"line":21},"1":{"loc":{"start":{"line":30,"column":8},"end":{"line":33,"column":9}},"type":"if","locations":[{"start":{"line":30,"column":8},"end":{"line":33,"column":9}},{"start":{},"end":{}}],"line":30},"2":{"loc":{"start":{"line":30,"column":12},"end":{"line":30,"column":51}},"type":"binary-expr","locations":[{"start":{"line":30,"column":12},"end":{"line":30,"column":22}},{"start":{"line":30,"column":26},"end":{"line":30,"column":51}}],"line":30},"3":{"loc":{"start":{"line":35,"column":31},"end":{"line":37,"column":76}},"type":"cond-expr","locations":[{"start":{"line":36,"column":10},"end":{"line":36,"column":19}},{"start":{"line":37,"column":10},"end":{"line":37,"column":76}}],"line":35},"4":{"loc":{"start":{"line":37,"column":36},"end":{"line":37,"column":75}},"type":"binary-expr","locations":[{"start":{"line":37,"column":36},"end":{"line":37,"column":41}},{"start":{"line":37,"column":45},"end":{"line":37,"column":75}}],"line":37},"5":{"loc":{"start":{"line":53,"column":9},"end":{"line":53,"column":73}},"type":"binary-expr","locations":[{"start":{"line":53,"column":9},"end":{"line":53,"column":18}},{"start":{"line":53,"column":22},"end":{"line":53,"column":73}}],"line":53},"6":{"loc":{"start":{"line":54,"column":9},"end":{"line":54,"column":76}},"type":"binary-expr","locations":[{"start":{"line":54,"column":9},"end":{"line":54,"column":19}},{"start":{"line":54,"column":23},"end":{"line":54,"column":76}}],"line":54},"7":{"loc":{"start":{"line":55,"column":9},"end":{"line":55,"column":82}},"type":"binary-expr","locations":[{"start":{"line":55,"column":9},"end":{"line":55,"column":21}},{"start":{"line":55,"column":25},"end":{"line":55,"column":82}}],"line":55},"8":{"loc":{"start":{"line":77,"column":9},"end":{"line":77,"column":70}},"type":"binary-expr","locations":[{"start":{"line":77,"column":9},"end":{"line":77,"column":15}},{"start":{"line":77,"column":19},"end":{"line":77,"column":36}},{"start":{"line":77,"column":40},"end":{"line":77,"column":70}}],"line":77}},"s":{"0":22,"1":22,"2":22,"3":22,"4":22,"5":22,"6":22,"7":22,"8":9,"9":9,"10":9,"11":9,"12":0,"13":9,"14":9,"15":0,"16":0,"17":9,"18":0,"19":9,"20":9,"21":0,"22":0,"23":9,"24":22},"f":{"0":22,"1":9,"2":9,"3":0},"b":{"0":[9,0],"1":[0,9],"2":[9,9],"3":[9,0],"4":[0,0],"5":[22,0],"6":[22,1],"7":[22,0],"8":[22,22,16]},"_coverageSchema":"1a1c01bbd47fc00a2c39e90264f33305004495a9","hash":"f6962ab4ca9e8c664f2261ffca59ca46432a79de"}
,"C:\\Users\\dasau\\meet\\src\\api.js": {"path":"C:\\Users\\dasau\\meet\\src\\api.js","statementMap":{"0":{"start":{"line":8,"column":32},"end":{"line":20,"column":1}},"1":{"start":{"line":9,"column":2},"end":{"line":11,"column":3}},"2":{"start":{"line":10,"column":4},"end":{"line":10,"column":14}},"3":{"start":{"line":13,"column":29},"end":{"line":16,"column":65}},"4":{"start":{"line":14,"column":21},"end":{"line":14,"column":44}},"5":{"start":{"line":15,"column":20},"end":{"line":15,"column":34}},"6":{"start":{"line":16,"column":24},"end":{"line":16,"column":64}},"7":{"start":{"line":18,"column":20},"end":{"line":18,"column":52}},"8":{"start":{"line":19,"column":2},"end":{"line":19,"column":19}},"9":{"start":{"line":26,"column":25},"end":{"line":29,"column":1}},"10":{"start":{"line":27,"column":2},"end":{"line":27,"column":68}},"11":{"start":{"line":28,"column":2},"end":{"line":28,"column":18}},"12":{"start":{"line":34,"column":30},"end":{"line":37,"column":1}},"13":{"start":{"line":35,"column":2},"end":{"line":35,"column":72}},"14":{"start":{"line":36,"column":2},"end":{"line":36,"column":14}}},"fnMap":{"0":{"name":"(anonymous_0)","decl":{"start":{"line":8,"column":32},"end":{"line":8,"column":33}},"loc":{"start":{"line":8,"column":44},"end":{"line":20,"column":1}},"line":8},"1":{"name":"(anonymous_1)","decl":{"start":{"line":14,"column":12},"end":{"line":14,"column":13}},"loc":{"start":{"line":14,"column":21},"end":{"line":14,"column":44}},"line":14},"2":{"name":"(anonymous_2)","decl":{"start":{"line":15,"column":9},"end":{"line":15,"column":10}},"loc":{"start":{"line":15,"column":20},"end":{"line":15,"column":34}},"line":15},"3":{"name":"(anonymous_3)","decl":{"start":{"line":16,"column":12},"end":{"line":16,"column":13}},"loc":{"start":{"line":16,"column":24},"end":{"line":16,"column":64}},"line":16},"4":{"name":"(anonymous_4)","decl":{"start":{"line":26,"column":25},"end":{"line":26,"column":26}},"loc":{"start":{"line":26,"column":37},"end":{"line":29,"column":1}},"line":26},"5":{"name":"(anonymous_5)","decl":{"start":{"line":34,"column":30},"end":{"line":34,"column":31}},"loc":{"start":{"line":34,"column":42},"end":{"line":37,"column":1}},"line":34}},"branchMap":{"0":{"loc":{"start":{"line":9,"column":2},"end":{"line":11,"column":3}},"type":"if","locations":[{"start":{"line":9,"column":2},"end":{"line":11,"column":3}},{"start":{},"end":{}}],"line":9},"1":{"loc":{"start":{"line":9,"column":6},"end":{"line":9,"column":39}},"type":"binary-expr","locations":[{"start":{"line":9,"column":6},"end":{"line":9,"column":13}},{"start":{"line":9,"column":17},"end":{"line":9,"column":39}}],"line":9},"2":{"loc":{"start":{"line":14,"column":21},"end":{"line":14,"column":44}},"type":"binary-expr","locations":[{"start":{"line":14,"column":21},"end":{"line":14,"column":26}},{"start":{"line":14,"column":30},"end":{"line":14,"column":44}}],"line":14},"3":{"loc":{"start":{"line":16,"column":24},"end":{"line":16,"column":64}},"type":"binary-expr","locations":[{"start":{"line":16,"column":24},"end":{"line":16,"column":32}},{"start":{"line":16,"column":36},"end":{"line":16,"column":64}}],"line":16}},"s":{"0":3,"1":0,"2":0,"3":0,"4":0,"5":0,"6":0,"7":0,"8":0,"9":3,"10":0,"11":0,"12":3,"13":0,"14":0},"f":{"0":0,"1":0,"2":0,"3":0,"4":0,"5":0},"b":{"0":[0,0],"1":[0,0],"2":[0,0],"3":[0,0]},"_coverageSchema":"1a1c01bbd47fc00a2c39e90264f33305004495a9","hash":"844d501aa93b71feb07672fd9256a90889184e4b"}
,"C:\\Users\\dasau\\meet\\src\\mock-data.js": {"path":"C:\\Users\\dasau\\meet\\src\\mock-data.js","statementMap":{"0":{"start":{"line":1,"column":17},"end":{"line":195,"column":1}}},"fnMap":{},"branchMap":{},"s":{"0":8},"f":{},"b":{},"_coverageSchema":"1a1c01bbd47fc00a2c39e90264f33305004495a9","hash":"3d1d47191d885b941515abb3d500ee99acd97d17"}
,"C:\\Users\\dasau\\meet\\src\\components\\CitySearch.jsx": {"path":"C:\\Users\\dasau\\meet\\src\\components\\CitySearch.jsx","statementMap":{"0":{"start":{"line":3,"column":19},"end":{"line":72,"column":1}},"1":{"start":{"line":4,"column":48},"end":{"line":4,"column":63}},"2":{"start":{"line":5,"column":28},"end":{"line":5,"column":40}},"3":{"start":{"line":6,"column":40},"end":{"line":6,"column":52}},"4":{"start":{"line":8,"column":2},"end":{"line":14,"column":21}},"5":{"start":{"line":9,"column":4},"end":{"line":13,"column":5}},"6":{"start":{"line":10,"column":6},"end":{"line":10,"column":35}},"7":{"start":{"line":12,"column":6},"end":{"line":12,"column":25}},"8":{"start":{"line":16,"column":29},"end":{"line":34,"column":3}},"9":{"start":{"line":17,"column":18},"end":{"line":17,"column":36}},"10":{"start":{"line":18,"column":30},"end":{"line":22,"column":13}},"11":{"start":{"line":20,"column":8},"end":{"line":21,"column":72}},"12":{"start":{"line":24,"column":4},"end":{"line":24,"column":20}},"13":{"start":{"line":25,"column":4},"end":{"line":25,"column":38}},"14":{"start":{"line":28,"column":4},"end":{"line":32,"column":5}},"15":{"start":{"line":29,"column":6},"end":{"line":29,"column":89}},"16":{"start":{"line":31,"column":6},"end":{"line":31,"column":20}},"17":{"start":{"line":33,"column":4},"end":{"line":33,"column":43}},"18":{"start":{"line":36,"column":28},"end":{"line":42,"column":3}},"19":{"start":{"line":37,"column":18},"end":{"line":37,"column":42}},"20":{"start":{"line":38,"column":4},"end":{"line":38,"column":20}},"21":{"start":{"line":39,"column":4},"end":{"line":39,"column":30}},"22":{"start":{"line":40,"column":4},"end":{"line":40,"column":44}},"23":{"start":{"line":41,"column":4},"end":{"line":41,"column":37}},"24":{"start":{"line":44,"column":2},"end":{"line":71,"column":4}},"25":{"start":{"line":51,"column":23},"end":{"line":51,"column":47}},"26":{"start":{"line":58,"column":12},"end":{"line":58,"column":75}},"27":{"start":{"line":58,"column":63},"end":{"line":58,"column":75}},"28":{"start":{"line":59,"column":12},"end":{"line":63,"column":14}}},"fnMap":{"0":{"name":"(anonymous_0)","decl":{"start":{"line":3,"column":19},"end":{"line":3,"column":20}},"loc":{"start":{"line":3,"column":71},"end":{"line":72,"column":1}},"line":3},"1":{"name":"(anonymous_1)","decl":{"start":{"line":8,"column":12},"end":{"line":8,"column":13}},"loc":{"start":{"line":8,"column":18},"end":{"line":14,"column":3}},"line":8},"2":{"name":"(anonymous_2)","decl":{"start":{"line":16,"column":29},"end":{"line":16,"column":30}},"loc":{"start":{"line":16,"column":40},"end":{"line":34,"column":3}},"line":16},"3":{"name":"(anonymous_3)","decl":{"start":{"line":19,"column":26},"end":{"line":19,"column":27}},"loc":{"start":{"line":19,"column":40},"end":{"line":22,"column":7}},"line":19},"4":{"name":"(anonymous_4)","decl":{"start":{"line":36,"column":28},"end":{"line":36,"column":29}},"loc":{"start":{"line":36,"column":39},"end":{"line":42,"column":3}},"line":36},"5":{"name":"(anonymous_5)","decl":{"start":{"line":51,"column":17},"end":{"line":51,"column":18}},"loc":{"start":{"line":51,"column":23},"end":{"line":51,"column":47}},"line":51},"6":{"name":"(anonymous_6)","decl":{"start":{"line":57,"column":68},"end":{"line":57,"column":69}},"loc":{"start":{"line":57,"column":84},"end":{"line":64,"column":11}},"line":57}},"branchMap":{"0":{"loc":{"start":{"line":9,"column":4},"end":{"line":13,"column":5}},"type":"if","locations":[{"start":{"line":9,"column":4},"end":{"line":13,"column":5}},{"start":{"line":11,"column":11},"end":{"line":13,"column":5}}],"line":9},"1":{"loc":{"start":{"line":9,"column":8},"end":{"line":9,"column":51}},"type":"binary-expr","locations":[{"start":{"line":9,"column":8},"end":{"line":9,"column":20}},{"start":{"line":9,"column":24},"end":{"line":9,"column":51}}],"line":9},"2":{"loc":{"start":{"line":18,"column":30},"end":{"line":22,"column":13}},"type":"cond-expr","locations":[{"start":{"line":19,"column":6},"end":{"line":22,"column":8}},{"start":{"line":22,"column":11},"end":{"line":22,"column":13}}],"line":18},"3":{"loc":{"start":{"line":18,"column":31},"end":{"line":18,"column":74}},"type":"binary-expr","locations":[{"start":{"line":18,"column":31},"end":{"line":18,"column":43}},{"start":{"line":18,"column":47},"end":{"line":18,"column":74}}],"line":18},"4":{"loc":{"start":{"line":20,"column":15},"end":{"line":21,"column":71}},"type":"binary-expr","locations":[{"start":{"line":20,"column":15},"end":{"line":20,"column":23}},{"start":{"line":20,"column":27},"end":{"line":20,"column":55}},{"start":{"line":21,"column":15},"end":{"line":21,"column":71}}],"line":20},"5":{"loc":{"start":{"line":28,"column":4},"end":{"line":32,"column":5}},"type":"if","locations":[{"start":{"line":28,"column":4},"end":{"line":32,"column":5}},{"start":{"line":30,"column":11},"end":{"line":32,"column":5}}],"line":28},"6":{"loc":{"start":{"line":33,"column":4},"end":{"line":33,"column":42}},"type":"binary-expr","locations":[{"start":{"line":33,"column":4},"end":{"line":33,"column":16}},{"start":{"line":33,"column":20},"end":{"line":33,"column":42}}],"line":33},"7":{"loc":{"start":{"line":40,"column":4},"end":{"line":40,"column":43}},"type":"binary-expr","locations":[{"start":{"line":40,"column":4},"end":{"line":40,"column":18}},{"start":{"line":40,"column":22},"end":{"line":40,"column":43}}],"line":40},"8":{"loc":{"start":{"line":41,"column":4},"end":{"line":41,"column":36}},"type":"binary-expr","locations":[{"start":{"line":41,"column":4},"end":{"line":41,"column":16}},{"start":{"line":41,"column":20},"end":{"line":41,"column":36}}],"line":41},"9":{"loc":{"start":{"line":55,"column":7},"end":{"line":69,"column":14}},"type":"cond-expr","locations":[{"start":{"line":56,"column":8},"end":{"line":68,"column":13}},{"start":{"line":69,"column":10},"end":{"line":69,"column":14}}],"line":55},"10":{"loc":{"start":{"line":57,"column":11},"end":{"line":64,"column":12}},"type":"binary-expr","locations":[{"start":{"line":57,"column":11},"end":{"line":57,"column":22}},{"start":{"line":57,"column":26},"end":{"line":57,"column":48}},{"start":{"line":57,"column":52},"end":{"line":64,"column":12}}],"line":57},"11":{"loc":{"start":{"line":58,"column":12},"end":{"line":58,"column":75}},"type":"if","locations":[{"start":{"line":58,"column":12},"end":{"line":58,"column":75}},{"start":{},"end":{}}],"line":58},"12":{"loc":{"start":{"line":58,"column":16},"end":{"line":58,"column":61}},"type":"binary-expr","locations":[{"start":{"line":58,"column":16},"end":{"line":58,"column":27}},{"start":{"line":58,"column":31},"end":{"line":58,"column":61}}],"line":58}},"s":{"0":3,"1":58,"2":58,"3":58,"4":58,"5":17,"6":17,"7":0,"8":58,"9":12,"10":12,"11":36,"12":12,"13":12,"14":12,"15":0,"16":12,"17":12,"18":58,"19":1,"20":1,"21":1,"22":1,"23":1,"24":58,"25":5,"26":27,"27":0,"28":27},"f":{"0":58,"1":17,"2":12,"3":36,"4":1,"5":5,"6":27},"b":{"0":[17,0],"1":[17,17],"2":[12,0],"3":[12,12],"4":[36,36,36],"5":[0,12],"6":[12,12],"7":[1,1],"8":[1,1],"9":[17,41],"10":[17,17,17],"11":[0,27],"12":[27,27]},"_coverageSchema":"1a1c01bbd47fc00a2c39e90264f33305004495a9","hash":"62e7b510b54076ed5b0e943a543a11b763d0e7e6"}
,"C:\\Users\\dasau\\meet\\src\\components\\Event.jsx": {"path":"C:\\Users\\dasau\\meet\\src\\components\\Event.jsx","statementMap":{"0":{"start":{"line":3,"column":14},"end":{"line":42,"column":1}},"1":{"start":{"line":4,"column":40},"end":{"line":4,"column":55}},"2":{"start":{"line":7,"column":2},"end":{"line":9,"column":3}},"3":{"start":{"line":8,"column":4},"end":{"line":8,"column":16}},"4":{"start":{"line":11,"column":2},"end":{"line":41,"column":4}},"5":{"start":{"line":19,"column":10},"end":{"line":19,"column":39}}},"fnMap":{"0":{"name":"(anonymous_0)","decl":{"start":{"line":3,"column":14},"end":{"line":3,"column":15}},"loc":{"start":{"line":3,"column":29},"end":{"line":42,"column":1}},"line":3},"1":{"name":"(anonymous_1)","decl":{"start":{"line":18,"column":17},"end":{"line":18,"column":18}},"loc":{"start":{"line":18,"column":23},"end":{"line":20,"column":9}},"line":18}},"branchMap":{"0":{"loc":{"start":{"line":7,"column":2},"end":{"line":9,"column":3}},"type":"if","locations":[{"start":{"line":7,"column":2},"end":{"line":9,"column":3}},{"start":{},"end":{}}],"line":7},"1":{"loc":{"start":{"line":13,"column":11},"end":{"line":13,"column":38}},"type":"binary-expr","locations":[{"start":{"line":13,"column":11},"end":{"line":13,"column":24}},{"start":{"line":13,"column":28},"end":{"line":13,"column":38}}],"line":13},"2":{"loc":{"start":{"line":14,"column":10},"end":{"line":14,"column":29}},"type":"binary-expr","locations":[{"start":{"line":14,"column":10},"end":{"line":14,"column":23}},{"start":{"line":14,"column":27},"end":{"line":14,"column":29}}],"line":14},"3":{"loc":{"start":{"line":15,"column":10},"end":{"line":15,"column":30}},"type":"binary-expr","locations":[{"start":{"line":15,"column":10},"end":{"line":15,"column":24}},{"start":{"line":15,"column":28},"end":{"line":15,"column":30}}],"line":15},"4":{"loc":{"start":{"line":22,"column":9},"end":{"line":22,"column":54}},"type":"cond-expr","locations":[{"start":{"line":22,"column":23},"end":{"line":22,"column":37}},{"start":{"line":22,"column":40},"end":{"line":22,"column":54}}],"line":22},"5":{"loc":{"start":{"line":24,"column":7},"end":{"line":39,"column":7}},"type":"binary-expr","locations":[{"start":{"line":24,"column":7},"end":{"line":24,"column":18}},{"start":{"line":25,"column":8},"end":{"line":38,"column":14}}],"line":24},"6":{"loc":{"start":{"line":27,"column":44},"end":{"line":27,"column":91}},"type":"binary-expr","locations":[{"start":{"line":27,"column":44},"end":{"line":27,"column":61}},{"start":{"line":27,"column":65},"end":{"line":27,"column":91}}],"line":27},"7":{"loc":{"start":{"line":28,"column":11},"end":{"line":37,"column":11}},"type":"binary-expr","locations":[{"start":{"line":28,"column":11},"end":{"line":28,"column":25}},{"start":{"line":29,"column":12},"end":{"line":36,"column":16}}],"line":28}},"s":{"0":4,"1":155,"2":155,"3":0,"4":155,"5":3},"f":{"0":155,"1":3},"b":{"0":[0,155],"1":[155,4],"2":[155,4],"3":[155,4],"4":[2,153],"5":[155,2],"6":[2,0],"7":[2,2]},"_coverageSchema":"1a1c01bbd47fc00a2c39e90264f33305004495a9","hash":"8c6465fa77972fdaa85256b076e0ed70cf1a6d12"}
,"C:\\Users\\dasau\\meet\\src\\components\\EventChart.jsx": {"path":"C:\\Users\\dasau\\meet\\src\\components\\EventChart.jsx","statementMap":{"0":{"start":{"line":4,"column":19},"end":{"line":135,"column":1}},"1":{"start":{"line":5,"column":34},"end":{"line":5,"column":46}},"2":{"start":{"line":6,"column":34},"end":{"line":6,"column":46}},"3":{"start":{"line":8,"column":2},"end":{"line":48,"column":15}},"4":{"start":{"line":9,"column":24},"end":{"line":27,"column":5}},"5":{"start":{"line":11,"column":6},"end":{"line":13,"column":7}},"6":{"start":{"line":12,"column":8},"end":{"line":12,"column":18}},"7":{"start":{"line":16,"column":30},"end":{"line":18,"column":39}},"8":{"start":{"line":17,"column":25},"end":{"line":17,"column":86}},"9":{"start":{"line":18,"column":22},"end":{"line":18,"column":36}},"10":{"start":{"line":20,"column":6},"end":{"line":26,"column":40}},"11":{"start":{"line":21,"column":22},"end":{"line":23,"column":16}},"12":{"start":{"line":22,"column":10},"end":{"line":22,"column":46}},"13":{"start":{"line":24,"column":21},"end":{"line":24,"column":44}},"14":{"start":{"line":25,"column":8},"end":{"line":25,"column":31}},"15":{"start":{"line":26,"column":24},"end":{"line":26,"column":38}},"16":{"start":{"line":29,"column":24},"end":{"line":42,"column":5}},"17":{"start":{"line":31,"column":6},"end":{"line":33,"column":7}},"18":{"start":{"line":32,"column":8},"end":{"line":32,"column":18}},"19":{"start":{"line":35,"column":21},"end":{"line":35,"column":76}},"20":{"start":{"line":36,"column":6},"end":{"line":41,"column":40}},"21":{"start":{"line":37,"column":22},"end":{"line":39,"column":16}},"22":{"start":{"line":38,"column":10},"end":{"line":38,"column":102}},"23":{"start":{"line":40,"column":8},"end":{"line":40,"column":45}},"24":{"start":{"line":41,"column":24},"end":{"line":41,"column":38}},"25":{"start":{"line":44,"column":4},"end":{"line":47,"column":5}},"26":{"start":{"line":45,"column":6},"end":{"line":45,"column":33}},"27":{"start":{"line":46,"column":6},"end":{"line":46,"column":33}},"28":{"start":{"line":50,"column":17},"end":{"line":50,"column":72}},"29":{"start":{"line":52,"column":2},"end":{"line":134,"column":4}},"30":{"start":{"line":117,"column":46},"end":{"line":117,"column":86}},"31":{"start":{"line":123,"column":18},"end":{"line":123,"column":85}}},"fnMap":{"0":{"name":"(anonymous_0)","decl":{"start":{"line":4,"column":19},"end":{"line":4,"column":20}},"loc":{"start":{"line":4,"column":35},"end":{"line":135,"column":1}},"line":4},"1":{"name":"(anonymous_1)","decl":{"start":{"line":8,"column":12},"end":{"line":8,"column":13}},"loc":{"start":{"line":8,"column":18},"end":{"line":48,"column":3}},"line":8},"2":{"name":"(anonymous_2)","decl":{"start":{"line":9,"column":24},"end":{"line":9,"column":25}},"loc":{"start":{"line":9,"column":30},"end":{"line":27,"column":5}},"line":9},"3":{"name":"(anonymous_3)","decl":{"start":{"line":17,"column":16},"end":{"line":17,"column":17}},"loc":{"start":{"line":17,"column":25},"end":{"line":17,"column":86}},"line":17},"4":{"name":"(anonymous_4)","decl":{"start":{"line":18,"column":13},"end":{"line":18,"column":14}},"loc":{"start":{"line":18,"column":22},"end":{"line":18,"column":36}},"line":18},"5":{"name":"(anonymous_5)","decl":{"start":{"line":20,"column":33},"end":{"line":20,"column":34}},"loc":{"start":{"line":20,"column":45},"end":{"line":26,"column":7}},"line":20},"6":{"name":"(anonymous_6)","decl":{"start":{"line":21,"column":36},"end":{"line":21,"column":37}},"loc":{"start":{"line":22,"column":10},"end":{"line":22,"column":46}},"line":22},"7":{"name":"(anonymous_7)","decl":{"start":{"line":26,"column":16},"end":{"line":26,"column":17}},"loc":{"start":{"line":26,"column":24},"end":{"line":26,"column":38}},"line":26},"8":{"name":"(anonymous_8)","decl":{"start":{"line":29,"column":24},"end":{"line":29,"column":25}},"loc":{"start":{"line":29,"column":30},"end":{"line":42,"column":5}},"line":29},"9":{"name":"(anonymous_9)","decl":{"start":{"line":36,"column":24},"end":{"line":36,"column":25}},"loc":{"start":{"line":36,"column":33},"end":{"line":41,"column":7}},"line":36},"10":{"name":"(anonymous_10)","decl":{"start":{"line":37,"column":36},"end":{"line":37,"column":37}},"loc":{"start":{"line":38,"column":10},"end":{"line":38,"column":102}},"line":38},"11":{"name":"(anonymous_11)","decl":{"start":{"line":41,"column":16},"end":{"line":41,"column":17}},"loc":{"start":{"line":41,"column":24},"end":{"line":41,"column":38}},"line":41},"12":{"name":"(anonymous_12)","decl":{"start":{"line":117,"column":23},"end":{"line":117,"column":24}},"loc":{"start":{"line":117,"column":46},"end":{"line":117,"column":86}},"line":117},"13":{"name":"(anonymous_13)","decl":{"start":{"line":122,"column":30},"end":{"line":122,"column":31}},"loc":{"start":{"line":123,"column":18},"end":{"line":123,"column":85}},"line":123}},"branchMap":{"0":{"loc":{"start":{"line":11,"column":6},"end":{"line":13,"column":7}},"type":"if","locations":[{"start":{"line":11,"column":6},"end":{"line":13,"column":7}},{"start":{},"end":{}}],"line":11},"1":{"loc":{"start":{"line":11,"column":10},"end":{"line":11,"column":66}},"type":"binary-expr","locations":[{"start":{"line":11,"column":10},"end":{"line":11,"column":17}},{"start":{"line":11,"column":21},"end":{"line":11,"column":43}},{"start":{"line":11,"column":47},"end":{"line":11,"column":66}}],"line":11},"2":{"loc":{"start":{"line":17,"column":25},"end":{"line":17,"column":86}},"type":"binary-expr","locations":[{"start":{"line":17,"column":25},"end":{"line":17,"column":30}},{"start":{"line":17,"column":34},"end":{"line":17,"column":48}},{"start":{"line":17,"column":52},"end":{"line":17,"column":86}}],"line":17},"3":{"loc":{"start":{"line":22,"column":10},"end":{"line":22,"column":46}},"type":"binary-expr","locations":[{"start":{"line":22,"column":10},"end":{"line":22,"column":15}},{"start":{"line":22,"column":19},"end":{"line":22,"column":46}}],"line":22},"4":{"loc":{"start":{"line":31,"column":6},"end":{"line":33,"column":7}},"type":"if","locations":[{"start":{"line":31,"column":6},"end":{"line":33,"column":7}},{"start":{},"end":{}}],"line":31},"5":{"loc":{"start":{"line":31,"column":10},"end":{"line":31,"column":66}},"type":"binary-expr","locations":[{"start":{"line":31,"column":10},"end":{"line":31,"column":17}},{"start":{"line":31,"column":21},"end":{"line":31,"column":43}},{"start":{"line":31,"column":47},"end":{"line":31,"column":66}}],"line":31},"6":{"loc":{"start":{"line":38,"column":10},"end":{"line":38,"column":102}},"type":"binary-expr","locations":[{"start":{"line":38,"column":10},"end":{"line":38,"column":15}},{"start":{"line":38,"column":19},"end":{"line":38,"column":32}},{"start":{"line":38,"column":36},"end":{"line":38,"column":69}},{"start":{"line":38,"column":73},"end":{"line":38,"column":102}}],"line":38},"7":{"loc":{"start":{"line":44,"column":4},"end":{"line":47,"column":5}},"type":"if","locations":[{"start":{"line":44,"column":4},"end":{"line":47,"column":5}},{"start":{},"end":{}}],"line":44},"8":{"loc":{"start":{"line":44,"column":8},"end":{"line":44,"column":35}},"type":"binary-expr","locations":[{"start":{"line":44,"column":8},"end":{"line":44,"column":14}},{"start":{"line":44,"column":18},"end":{"line":44,"column":35}}],"line":44},"9":{"loc":{"start":{"line":57,"column":9},"end":{"line":77,"column":9}},"type":"cond-expr","locations":[{"start":{"line":58,"column":10},"end":{"line":74,"column":32}},{"start":{"line":76,"column":10},"end":{"line":76,"column":34}}],"line":57},"10":{"loc":{"start":{"line":57,"column":9},"end":{"line":57,"column":40}},"type":"binary-expr","locations":[{"start":{"line":57,"column":9},"end":{"line":57,"column":17}},{"start":{"line":57,"column":21},"end":{"line":57,"column":40}}],"line":57},"11":{"loc":{"start":{"line":83,"column":9},"end":{"line":103,"column":9}},"type":"cond-expr","locations":[{"start":{"line":84,"column":10},"end":{"line":100,"column":32}},{"start":{"line":102,"column":10},"end":{"line":102,"column":34}}],"line":83},"12":{"loc":{"start":{"line":83,"column":9},"end":{"line":83,"column":40}},"type":"binary-expr","locations":[{"start":{"line":83,"column":9},"end":{"line":83,"column":17}},{"start":{"line":83,"column":21},"end":{"line":83,"column":40}}],"line":83},"13":{"loc":{"start":{"line":109,"column":9},"end":{"line":131,"column":9}},"type":"cond-expr","locations":[{"start":{"line":110,"column":10},"end":{"line":128,"column":32}},{"start":{"line":130,"column":10},"end":{"line":130,"column":34}}],"line":109},"14":{"loc":{"start":{"line":109,"column":9},"end":{"line":109,"column":40}},"type":"binary-expr","locations":[{"start":{"line":109,"column":9},"end":{"line":109,"column":17}},{"start":{"line":109,"column":21},"end":{"line":109,"column":40}}],"line":109}},"s":{"0":4,"1":28,"2":28,"3":28,"4":13,"5":12,"6":0,"7":12,"8":110,"9":110,"10":12,"11":30,"12":194,"13":30,"14":30,"15":30,"16":13,"17":12,"18":0,"19":12,"20":12,"21":60,"22":550,"23":60,"24":60,"25":13,"26":12,"27":12,"28":28,"29":28,"30":0,"31":12},"f":{"0":28,"1":13,"2":12,"3":110,"4":110,"5":30,"6":194,"7":30,"8":12,"9":60,"10":550,"11":60,"12":0,"13":12},"b":{"0":[0,12],"1":[12,12,12],"2":[110,110,110],"3":[194,194],"4":[0,12],"5":[12,12,12],"6":[550,550,550,550],"7":[12,1],"8":[13,13],"9":[18,10],"10":[28,28],"11":[18,10],"12":[28,28],"13":[6,22],"14":[28,28]},"_coverageSchema":"1a1c01bbd47fc00a2c39e90264f33305004495a9","hash":"2d27b3e8a7eb1bd76c06021e2d2d1984d33bc7e0"}
,"C:\\Users\\dasau\\meet\\src\\components\\EventList.jsx": {"path":"C:\\Users\\dasau\\meet\\src\\components\\EventList.jsx","statementMap":{"0":{"start":{"line":4,"column":18},"end":{"line":17,"column":1}},"1":{"start":{"line":6,"column":2},"end":{"line":8,"column":3}},"2":{"start":{"line":7,"column":4},"end":{"line":7,"column":37}},"3":{"start":{"line":10,"column":2},"end":{"line":16,"column":4}},"4":{"start":{"line":12,"column":30},"end":{"line":12,"column":47}},"5":{"start":{"line":13,"column":8},"end":{"line":13,"column":46}}},"fnMap":{"0":{"name":"(anonymous_0)","decl":{"start":{"line":4,"column":18},"end":{"line":4,"column":19}},"loc":{"start":{"line":4,"column":34},"end":{"line":17,"column":1}},"line":4},"1":{"name":"(anonymous_1)","decl":{"start":{"line":12,"column":21},"end":{"line":12,"column":22}},"loc":{"start":{"line":12,"column":30},"end":{"line":12,"column":47}},"line":12},"2":{"name":"(anonymous_2)","decl":{"start":{"line":12,"column":53},"end":{"line":12,"column":54}},"loc":{"start":{"line":13,"column":8},"end":{"line":13,"column":46}},"line":13}},"branchMap":{"0":{"loc":{"start":{"line":6,"column":2},"end":{"line":8,"column":3}},"type":"if","locations":[{"start":{"line":6,"column":2},"end":{"line":8,"column":3}},{"start":{},"end":{}}],"line":6},"1":{"loc":{"start":{"line":6,"column":6},"end":{"line":6,"column":39}},"type":"binary-expr","locations":[{"start":{"line":6,"column":6},"end":{"line":6,"column":13}},{"start":{"line":6,"column":17},"end":{"line":6,"column":39}}],"line":6},"2":{"loc":{"start":{"line":12,"column":30},"end":{"line":12,"column":47}},"type":"binary-expr","locations":[{"start":{"line":12,"column":30},"end":{"line":12,"column":35}},{"start":{"line":12,"column":39},"end":{"line":12,"column":47}}],"line":12}},"s":{"0":3,"1":22,"2":0,"3":22,"4":143,"5":143},"f":{"0":22,"1":143,"2":143},"b":{"0":[0,22],"1":[22,22],"2":[143,143]},"_coverageSchema":"1a1c01bbd47fc00a2c39e90264f33305004495a9","hash":"475b8f3e43dc0fd0c5cd5638bb35777c69ceec08"}
,"C:\\Users\\dasau\\meet\\src\\components\\NumberOfEvents.jsx": {"path":"C:\\Users\\dasau\\meet\\src\\components\\NumberOfEvents.jsx","statementMap":{"0":{"start":{"line":3,"column":23},"end":{"line":32,"column":1}},"1":{"start":{"line":4,"column":40},"end":{"line":4,"column":60}},"2":{"start":{"line":6,"column":29},"end":{"line":18,"column":3}},"3":{"start":{"line":7,"column":18},"end":{"line":7,"column":36}},"4":{"start":{"line":8,"column":4},"end":{"line":8,"column":26}},"5":{"start":{"line":11,"column":4},"end":{"line":16,"column":5}},"6":{"start":{"line":12,"column":6},"end":{"line":12,"column":54}},"7":{"start":{"line":14,"column":6},"end":{"line":14,"column":21}},"8":{"start":{"line":15,"column":6},"end":{"line":15,"column":44}},"9":{"start":{"line":17,"column":4},"end":{"line":17,"column":46}},"10":{"start":{"line":20,"column":2},"end":{"line":31,"column":4}}},"fnMap":{"0":{"name":"(anonymous_0)","decl":{"start":{"line":3,"column":23},"end":{"line":3,"column":24}},"loc":{"start":{"line":3,"column":78},"end":{"line":32,"column":1}},"line":3},"1":{"name":"(anonymous_1)","decl":{"start":{"line":6,"column":29},"end":{"line":6,"column":30}},"loc":{"start":{"line":6,"column":40},"end":{"line":18,"column":3}},"line":6}},"branchMap":{"0":{"loc":{"start":{"line":3,"column":56},"end":{"line":3,"column":71}},"type":"default-arg","locations":[{"start":{"line":3,"column":69},"end":{"line":3,"column":71}}],"line":3},"1":{"loc":{"start":{"line":11,"column":4},"end":{"line":16,"column":5}},"type":"if","locations":[{"start":{"line":11,"column":4},"end":{"line":16,"column":5}},{"start":{"line":13,"column":11},"end":{"line":16,"column":5}}],"line":11},"2":{"loc":{"start":{"line":11,"column":8},"end":{"line":11,"column":34}},"type":"binary-expr","locations":[{"start":{"line":11,"column":8},"end":{"line":11,"column":20}},{"start":{"line":11,"column":24},"end":{"line":11,"column":34}}],"line":11},"3":{"loc":{"start":{"line":15,"column":6},"end":{"line":15,"column":43}},"type":"binary-expr","locations":[{"start":{"line":15,"column":6},"end":{"line":15,"column":19}},{"start":{"line":15,"column":23},"end":{"line":15,"column":43}}],"line":15},"4":{"loc":{"start":{"line":17,"column":4},"end":{"line":17,"column":45}},"type":"binary-expr","locations":[{"start":{"line":17,"column":4},"end":{"line":17,"column":17}},{"start":{"line":17,"column":21},"end":{"line":17,"column":45}}],"line":17}},"s":{"0":4,"1":30,"2":30,"3":10,"4":10,"5":10,"6":3,"7":7,"8":7,"9":10,"10":30},"f":{"0":30,"1":10},"b":{"0":[0],"1":[3,7],"2":[10,10],"3":[7,7],"4":[10,10]},"_coverageSchema":"1a1c01bbd47fc00a2c39e90264f33305004495a9","hash":"e4d3c9a1355d6bdeb09bc85a612649c573e8a6a3"}
}
