TN:
SF:src\App.jsx
FN:9,App
FN:18,(anonymous_1)
FN:19,(anonymous_2)
FN:23,(anonymous_3)
FNF:4
FNH:3
FNDA:15,App
FNDA:6,(anonymous_1)
FNDA:6,(anonymous_2)
FNDA:0,(anonymous_3)
DA:10,15
DA:11,15
DA:12,15
DA:13,15
DA:14,15
DA:15,15
DA:16,15
DA:18,15
DA:19,6
DA:20,6
DA:21,6
DA:23,0
DA:24,6
DA:25,6
DA:28,6
DA:29,6
DA:31,0
DA:33,6
DA:36,15
LF:19
LH:17
BRDA:21,0,0,6
BRDA:21,0,1,0
BRDA:28,1,0,6
BRDA:28,1,1,0
BRDA:39,2,0,0
BRDA:39,2,1,15
BRDA:40,3,0,3
BRDA:40,3,1,12
BRDA:41,4,0,0
BRDA:41,4,1,15
BRF:10
BRH:6
end_of_record
TN:
SF:src\api.js
FN:8,(anonymous_0)
FN:9,(anonymous_1)
FN:17,(anonymous_2)
FN:47,(anonymous_3)
FN:69,(anonymous_4)
FN:73,(anonymous_5)
FN:74,(anonymous_6)
FN:83,(anonymous_7)
FN:86,(anonymous_8)
FN:89,(anonymous_9)
FN:100,(anonymous_10)
FNF:11
FNH:0
FNDA:0,(anonymous_0)
FNDA:0,(anonymous_1)
FNDA:0,(anonymous_2)
FNDA:0,(anonymous_3)
FNDA:0,(anonymous_4)
FNDA:0,(anonymous_5)
FNDA:0,(anonymous_6)
FNDA:0,(anonymous_7)
FNDA:0,(anonymous_8)
FNDA:0,(anonymous_9)
FNDA:0,(anonymous_10)
DA:8,0
DA:9,0
DA:10,0
DA:11,0
DA:17,0
DA:18,0
DA:19,0
DA:22,0
DA:23,0
DA:24,0
DA:27,0
DA:29,0
DA:30,0
DA:31,0
DA:32,0
DA:33,0
DA:34,0
DA:35,0
DA:36,0
DA:40,0
DA:47,0
DA:48,0
DA:49,0
DA:51,0
DA:52,0
DA:53,0
DA:54,0
DA:55,0
DA:56,0
DA:57,0
DA:58,0
DA:60,0
DA:62,0
DA:69,0
DA:70,0
DA:73,0
DA:74,0
DA:76,0
DA:83,0
DA:84,0
DA:85,0
DA:87,0
DA:89,0
DA:91,0
DA:93,0
DA:100,0
DA:101,0
DA:103,0
DA:107,0
DA:109,0
DA:110,0
LF:51
LH:0
BRDA:18,0,0,0
BRDA:18,0,1,0
BRDA:22,1,0,0
BRDA:22,1,1,0
BRDA:24,2,0,0
BRDA:24,2,1,0
BRDA:29,3,0,0
BRDA:29,3,1,0
BRDA:34,4,0,0
BRDA:34,4,1,0
BRDA:49,5,0,0
BRDA:49,5,1,0
BRDA:51,6,0,0
BRDA:51,6,1,0
BRDA:51,7,0,0
BRDA:51,7,1,0
BRDA:55,8,0,0
BRDA:55,8,1,0
BRDA:60,9,0,0
BRDA:60,9,1,0
BRDA:91,10,0,0
BRDA:91,10,1,0
BRDA:101,11,0,0
BRDA:101,11,1,0
BRDA:101,12,0,0
BRDA:101,12,1,0
BRF:26
BRH:0
end_of_record
TN:
SF:src\main.jsx
FNF:0
FNH:0
DA:6,0
LF:1
LH:0
BRF:0
BRH:0
end_of_record
TN:
SF:src\mock-data.js
FNF:0
FNH:0
DA:1,0
LF:1
LH:0
BRF:0
BRH:0
end_of_record
TN:
SF:src\setupTests.js
FNF:0
FNH:0
LF:0
LH:0
BRF:0
BRH:0
end_of_record
TN:
SF:src\components\CitySearch.jsx
FN:3,(anonymous_0)
FN:8,(anonymous_1)
FN:12,(anonymous_2)
FN:14,(anonymous_3)
FN:30,(anonymous_4)
FN:45,(anonymous_5)
FN:51,(anonymous_6)
FNF:7
FNH:7
FNDA:43,(anonymous_0)
FNDA:12,(anonymous_1)
FNDA:12,(anonymous_2)
FNDA:36,(anonymous_3)
FNDA:1,(anonymous_4)
FNDA:3,(anonymous_5)
FNDA:21,(anonymous_6)
DA:3,2
DA:4,43
DA:5,43
DA:6,43
DA:8,43
DA:9,12
DA:12,43
DA:13,12
DA:14,12
DA:15,36
DA:18,12
DA:19,12
DA:22,12
DA:23,0
DA:25,12
DA:27,12
DA:30,43
DA:31,1
DA:32,1
DA:33,1
DA:34,1
DA:35,1
DA:38,43
DA:45,3
DA:52,21
LF:25
LH:24
BRDA:14,0,0,12
BRDA:14,0,1,0
BRDA:22,1,0,0
BRDA:22,1,1,12
BRDA:49,2,0,15
BRDA:49,2,1,28
BRF:6
BRH:4
end_of_record
TN:
SF:src\components\Event.jsx
FN:3,(anonymous_0)
FN:13,(anonymous_1)
FNF:2
FNH:2
FNDA:121,(anonymous_0)
FNDA:3,(anonymous_1)
DA:3,2
DA:4,121
DA:6,121
DA:14,3
LF:4
LH:4
BRDA:14,0,0,1
BRDA:14,0,1,2
BRDA:17,1,0,2
BRDA:17,1,1,119
BRDA:19,2,0,121
BRDA:19,2,1,2
BRF:6
BRH:6
end_of_record
TN:
SF:src\components\EventChart.jsx
FN:17,(anonymous_0)
FN:21,(anonymous_1)
FN:22,(anonymous_2)
FN:24,(anonymous_3)
FN:25,(anonymous_4)
FN:26,(anonymous_5)
FN:29,(anonymous_6)
FN:33,(anonymous_7)
FN:35,(anonymous_8)
FN:36,(anonymous_9)
FN:38,(anonymous_10)
FN:75,(anonymous_11)
FN:76,(anonymous_12)
FN:113,(anonymous_13)
FN:118,(anonymous_14)
FNF:15
FNH:12
FNDA:8,(anonymous_0)
FNDA:4,(anonymous_1)
FNDA:4,(anonymous_2)
FNDA:12,(anonymous_3)
FNDA:9,(anonymous_4)
FNDA:36,(anonymous_5)
FNDA:6,(anonymous_6)
FNDA:4,(anonymous_7)
FNDA:20,(anonymous_8)
FNDA:60,(anonymous_9)
FNDA:20,(anonymous_10)
FNDA:0,(anonymous_11)
FNDA:0,(anonymous_12)
FNDA:0,(anonymous_13)
FNDA:12,(anonymous_14)
DA:17,1
DA:18,8
DA:19,8
DA:21,8
DA:22,4
DA:24,12
DA:25,4
DA:26,36
DA:27,9
DA:28,9
DA:29,6
DA:30,4
DA:33,4
DA:34,4
DA:35,4
DA:36,60
DA:37,20
DA:38,20
DA:39,4
DA:42,4
DA:43,4
DA:46,8
DA:48,8
DA:75,0
DA:76,0
DA:113,0
DA:119,12
LF:27
LH:24
BRF:0
BRH:0
end_of_record
TN:
SF:src\components\EventList.jsx
FN:4,(anonymous_0)
FN:7,(anonymous_1)
FNF:2
FNH:2
FNDA:12,(anonymous_0)
FNDA:110,(anonymous_1)
DA:4,1
DA:5,12
DA:7,110
LF:3
LH:3
BRDA:7,0,0,12
BRDA:7,0,1,0
BRF:2
BRH:1
end_of_record
TN:
SF:src\components\NumberOfEvents.jsx
FN:3,(anonymous_0)
FN:6,(anonymous_1)
FNF:2
FNH:2
FNDA:18,(anonymous_0)
FNDA:6,(anonymous_1)
DA:3,2
DA:4,18
DA:6,18
DA:7,6
DA:8,6
DA:11,6
DA:12,2
DA:14,4
DA:15,4
DA:17,6
DA:20,18
LF:11
LH:11
BRDA:11,0,0,2
BRDA:11,0,1,4
BRDA:11,1,0,6
BRDA:11,1,1,6
BRF:4
BRH:4
end_of_record
