TN:
SF:src\App.js
FN:4,(anonymous_0)
FN:13,(anonymous_1)
FN:35,(anonymous_2)
FN:54,(anonymous_3)
FN:70,(anonymous_4)
FN:88,(anonymous_5)
FN:94,(anonymous_6)
FN:95,(anonymous_7)
FN:96,(anonymous_8)
FNF:9
FNH:0
FNDA:0,(anonymous_0)
FNDA:0,(anonymous_1)
FNDA:0,(anonymous_2)
FNDA:0,(anonymous_3)
FNDA:0,(anonymous_4)
FNDA:0,(anonymous_5)
FNDA:0,(anonymous_6)
FNDA:0,(anonymous_7)
FNDA:0,(anonymous_8)
DA:4,2
DA:5,0
DA:8,0
DA:9,0
DA:13,2
DA:14,0
DA:15,0
DA:17,0
DA:18,0
DA:19,0
DA:20,0
DA:21,0
DA:22,0
DA:25,0
DA:26,0
DA:27,0
DA:29,0
DA:31,0
DA:35,2
DA:36,0
DA:37,0
DA:40,0
DA:42,0
DA:43,0
DA:44,0
DA:45,0
DA:46,0
DA:47,0
DA:48,0
DA:49,0
DA:54,2
DA:56,0
DA:57,0
DA:62,0
DA:64,0
DA:65,0
DA:70,2
DA:71,0
DA:72,0
DA:74,0
DA:75,0
DA:76,0
DA:78,0
DA:79,0
DA:80,0
DA:82,0
DA:83,0
DA:88,2
DA:89,0
DA:90,0
DA:93,0
DA:94,0
DA:95,0
DA:96,0
DA:98,0
DA:99,0
LF:56
LH:6
BRDA:15,0,0,0
BRDA:15,0,1,0
BRDA:17,1,0,0
BRDA:17,1,1,0
BRDA:17,2,0,0
BRDA:17,2,1,0
BRDA:21,3,0,0
BRDA:21,3,1,0
BRDA:29,4,0,0
BRDA:29,4,1,0
BRDA:36,5,0,0
BRDA:36,5,1,0
BRDA:42,6,0,0
BRDA:42,6,1,0
BRDA:47,7,0,0
BRDA:47,7,1,0
BRDA:56,8,0,0
BRDA:56,8,1,0
BRDA:56,9,0,0
BRDA:56,9,1,0
BRDA:75,10,0,0
BRDA:75,10,1,0
BRDA:79,11,0,0
BRDA:79,11,1,0
BRDA:89,12,0,0
BRDA:89,12,1,0
BRDA:89,13,0,0
BRDA:89,13,1,0
BRDA:94,14,0,0
BRDA:94,14,1,0
BRDA:96,15,0,0
BRDA:96,15,1,0
BRF:32
BRH:0
end_of_record
TN:
SF:src\App.jsx
FN:9,App
FN:18,(anonymous_1)
FN:19,(anonymous_2)
FN:37,(anonymous_3)
FNF:4
FNH:3
FNDA:16,App
FNDA:6,(anonymous_1)
FNDA:6,(anonymous_2)
FNDA:0,(anonymous_3)
DA:10,16
DA:11,16
DA:12,16
DA:13,16
DA:14,16
DA:15,16
DA:16,16
DA:18,16
DA:19,6
DA:20,6
DA:21,6
DA:22,6
DA:24,0
DA:27,6
DA:30,6
DA:31,0
DA:32,0
DA:35,6
DA:37,0
DA:39,6
DA:40,6
DA:42,0
DA:43,0
DA:47,6
DA:50,16
LF:25
LH:19
BRDA:21,0,0,6
BRDA:21,0,1,0
BRDA:30,1,0,0
BRDA:30,1,1,6
BRDA:30,2,0,6
BRDA:30,2,1,6
BRDA:35,3,0,6
BRDA:35,3,1,0
BRDA:37,4,0,0
BRDA:37,4,1,0
BRDA:53,5,0,16
BRDA:53,5,1,0
BRDA:54,6,0,16
BRDA:54,6,1,1
BRDA:55,7,0,16
BRDA:55,7,1,0
BRDA:77,8,0,16
BRDA:77,8,1,16
BRDA:77,8,2,13
BRF:19
BRH:12
end_of_record
TN:
SF:src\api.js
FN:8,(anonymous_0)
FN:14,(anonymous_1)
FN:15,(anonymous_2)
FN:16,(anonymous_3)
FN:26,(anonymous_4)
FN:34,(anonymous_5)
FNF:6
FNH:0
FNDA:0,(anonymous_0)
FNDA:0,(anonymous_1)
FNDA:0,(anonymous_2)
FNDA:0,(anonymous_3)
FNDA:0,(anonymous_4)
FNDA:0,(anonymous_5)
DA:8,3
DA:9,0
DA:10,0
DA:13,0
DA:14,0
DA:15,0
DA:16,0
DA:18,0
DA:19,0
DA:26,3
DA:27,0
DA:28,0
DA:34,3
DA:35,0
DA:36,0
LF:15
LH:3
BRDA:9,0,0,0
BRDA:9,0,1,0
BRDA:9,1,0,0
BRDA:9,1,1,0
BRDA:14,2,0,0
BRDA:14,2,1,0
BRDA:16,3,0,0
BRDA:16,3,1,0
BRF:8
BRH:0
end_of_record
TN:
SF:src\mock-data.js
FNF:0
FNH:0
DA:1,6
LF:1
LH:1
BRF:0
BRH:0
end_of_record
TN:
SF:src\components\CitySearch.jsx
FN:3,(anonymous_0)
FN:8,(anonymous_1)
FN:16,(anonymous_2)
FN:19,(anonymous_3)
FN:36,(anonymous_4)
FN:51,(anonymous_5)
FN:57,(anonymous_6)
FNF:7
FNH:7
FNDA:45,(anonymous_0)
FNDA:11,(anonymous_1)
FNDA:12,(anonymous_2)
FNDA:36,(anonymous_3)
FNDA:1,(anonymous_4)
FNDA:3,(anonymous_5)
FNDA:21,(anonymous_6)
DA:3,3
DA:4,45
DA:5,45
DA:6,45
DA:8,45
DA:9,11
DA:10,11
DA:12,0
DA:16,45
DA:17,12
DA:18,12
DA:20,36
DA:24,12
DA:25,12
DA:28,12
DA:29,0
DA:31,12
DA:33,12
DA:36,45
DA:37,1
DA:38,1
DA:39,1
DA:40,1
DA:41,1
DA:44,45
DA:51,3
DA:58,21
DA:59,21
LF:28
LH:26
BRDA:9,0,0,11
BRDA:9,0,1,0
BRDA:9,1,0,11
BRDA:9,1,1,11
BRDA:18,2,0,12
BRDA:18,2,1,0
BRDA:18,3,0,12
BRDA:18,3,1,12
BRDA:20,4,0,36
BRDA:20,4,1,36
BRDA:20,4,2,36
BRDA:28,5,0,0
BRDA:28,5,1,12
BRDA:33,6,0,12
BRDA:33,6,1,12
BRDA:40,7,0,1
BRDA:40,7,1,1
BRDA:41,8,0,1
BRDA:41,8,1,1
BRDA:55,9,0,15
BRDA:55,9,1,30
BRDA:57,10,0,15
BRDA:57,10,1,15
BRDA:57,10,2,15
BRDA:58,11,0,0
BRDA:58,11,1,21
BRDA:58,12,0,21
BRDA:58,12,1,21
BRF:28
BRH:24
end_of_record
TN:
SF:src\components\Event.jsx
FN:3,(anonymous_0)
FN:18,(anonymous_1)
FNF:2
FNH:2
FNDA:143,(anonymous_0)
FNDA:3,(anonymous_1)
DA:3,3
DA:4,143
DA:7,143
DA:8,0
DA:11,143
DA:19,3
LF:6
LH:5
BRDA:7,0,0,0
BRDA:7,0,1,143
BRDA:13,1,0,143
BRDA:13,1,1,4
BRDA:14,2,0,143
BRDA:14,2,1,4
BRDA:15,3,0,143
BRDA:15,3,1,4
BRDA:22,4,0,2
BRDA:22,4,1,141
BRDA:24,5,0,143
BRDA:24,5,1,2
BRDA:27,6,0,2
BRDA:27,6,1,0
BRDA:28,7,0,2
BRDA:28,7,1,2
BRF:16
BRH:14
end_of_record
TN:
SF:src\components\EventChart.jsx
FN:4,(anonymous_0)
FN:8,(anonymous_1)
FN:9,(anonymous_2)
FN:17,(anonymous_3)
FN:18,(anonymous_4)
FN:20,(anonymous_5)
FN:21,(anonymous_6)
FN:26,(anonymous_7)
FN:29,(anonymous_8)
FN:36,(anonymous_9)
FN:37,(anonymous_10)
FN:41,(anonymous_11)
FN:117,(anonymous_12)
FN:122,(anonymous_13)
FNF:14
FNH:13
FNDA:23,(anonymous_0)
FNDA:10,(anonymous_1)
FNDA:9,(anonymous_2)
FNDA:95,(anonymous_3)
FNDA:95,(anonymous_4)
FNDA:18,(anonymous_5)
FNDA:134,(anonymous_6)
FNDA:18,(anonymous_7)
FNDA:9,(anonymous_8)
FNDA:45,(anonymous_9)
FNDA:475,(anonymous_10)
FNDA:45,(anonymous_11)
FNDA:0,(anonymous_12)
FNDA:8,(anonymous_13)
DA:4,2
DA:5,23
DA:6,23
DA:8,23
DA:9,10
DA:11,9
DA:12,0
DA:16,9
DA:17,95
DA:18,95
DA:20,9
DA:21,18
DA:22,134
DA:24,18
DA:25,18
DA:26,18
DA:29,10
DA:31,9
DA:32,0
DA:35,9
DA:36,9
DA:37,45
DA:38,475
DA:40,45
DA:41,45
DA:44,10
DA:45,9
DA:46,9
DA:50,23
DA:52,23
DA:117,0
DA:123,8
LF:32
LH:29
BRDA:11,0,0,0
BRDA:11,0,1,9
BRDA:11,1,0,9
BRDA:11,1,1,9
BRDA:11,1,2,9
BRDA:17,2,0,95
BRDA:17,2,1,95
BRDA:17,2,2,95
BRDA:22,3,0,134
BRDA:22,3,1,134
BRDA:31,4,0,0
BRDA:31,4,1,9
BRDA:31,5,0,9
BRDA:31,5,1,9
BRDA:31,5,2,9
BRDA:38,6,0,475
BRDA:38,6,1,475
BRDA:38,6,2,475
BRDA:38,6,3,475
BRDA:44,7,0,9
BRDA:44,7,1,1
BRDA:44,8,0,10
BRDA:44,8,1,10
BRDA:57,9,0,16
BRDA:57,9,1,7
BRDA:57,10,0,23
BRDA:57,10,1,23
BRDA:83,11,0,16
BRDA:83,11,1,7
BRDA:83,12,0,23
BRDA:83,12,1,23
BRDA:109,13,0,4
BRDA:109,13,1,19
BRDA:109,14,0,23
BRDA:109,14,1,23
BRF:35
BRH:33
end_of_record
TN:
SF:src\components\EventList.jsx
FN:4,(anonymous_0)
FN:12,(anonymous_1)
FN:12,(anonymous_2)
FNF:3
FNH:3
FNDA:17,(anonymous_0)
FNDA:131,(anonymous_1)
FNDA:131,(anonymous_2)
DA:4,2
DA:6,17
DA:7,0
DA:10,17
DA:12,131
DA:13,131
LF:6
LH:5
BRDA:6,0,0,0
BRDA:6,0,1,17
BRDA:6,1,0,17
BRDA:6,1,1,17
BRDA:12,2,0,131
BRDA:12,2,1,131
BRF:6
BRH:5
end_of_record
TN:
SF:src\components\NumberOfEvents.jsx
FN:3,(anonymous_0)
FN:6,(anonymous_1)
FNF:2
FNH:2
FNDA:24,(anonymous_0)
FNDA:10,(anonymous_1)
DA:3,2
DA:4,24
DA:6,24
DA:7,10
DA:8,10
DA:11,10
DA:12,3
DA:14,7
DA:15,7
DA:17,10
DA:20,24
LF:11
LH:11
BRDA:3,0,0,0
BRDA:11,1,0,3
BRDA:11,1,1,7
BRDA:11,2,0,10
BRDA:11,2,1,10
BRDA:15,3,0,7
BRDA:15,3,1,7
BRDA:17,4,0,10
BRDA:17,4,1,10
BRF:9
BRH:8
end_of_record
